TN:
SF:/Users/erictu/git-repos/chainsafe/lodestar/packages/lodestar-validator/src/index.ts
FNF:0
FNH:0
DA:5,1
DA:7,1
LF:2
LH:2
BRF:0
BRH:0
end_of_record
TN:
SF:/Users/erictu/git-repos/chainsafe/lodestar/packages/lodestar-validator/src/validator.ts
FN:43,(anonymous_1)
FN:114,(anonymous_2)
FN:55,(anonymous_3)
FN:62,(anonymous_4)
FN:71,(anonymous_5)
FN:76,(anonymous_6)
FN:83,(anonymous_7)
FN:107,(anonymous_8)
FNF:8
FNH:7
FNDA:1,(anonymous_1)
FNDA:0,(anonymous_2)
FNDA:1,(anonymous_3)
FNDA:1,(anonymous_4)
FNDA:1,(anonymous_5)
FNDA:1,(anonymous_6)
FNDA:1,(anonymous_7)
FNDA:1,(anonymous_8)
DA:16,1
DA:20,1
DA:24,1
DA:25,1
DA:30,1
DA:44,1
DA:45,1
DA:46,1
DA:47,1
DA:48,1
DA:49,1
DA:56,1
DA:57,1
DA:58,1
DA:59,1
DA:63,1
DA:64,1
DA:72,1
DA:73,1
DA:77,1
DA:78,0
DA:80,1
DA:84,1
DA:85,1
DA:87,1
DA:95,1
DA:108,1
DA:109,1
DA:110,1
DA:114,1
DA:116,0
DA:120,0
DA:121,0
DA:122,0
DA:123,0
DA:124,0
DA:125,0
DA:131,0
DA:132,0
DA:133,0
LF:40
LH:29
BRDA:123,0,0,0
BRDA:123,0,1,0
BRDA:131,1,0,0
BRDA:131,1,1,0
BRDA:77,2,0,0
BRDA:77,2,1,1
BRF:6
BRH:1
end_of_record
TN:
SF:/Users/erictu/git-repos/chainsafe/lodestar/packages/lodestar-validator/src/api/abstract.ts
FN:10,(anonymous_0)
FN:23,(anonymous_1)
FN:29,(anonymous_2)
FN:35,(anonymous_3)
FN:40,(anonymous_4)
FN:47,(anonymous_5)
FN:58,(anonymous_6)
FN:75,(anonymous_7)
FN:80,(anonymous_8)
FN:91,(anonymous_9)
FN:95,(anonymous_10)
FNF:11
FNH:11
FNDA:7,(anonymous_0)
FNDA:3,(anonymous_1)
FNDA:11,(anonymous_2)
FNDA:7,(anonymous_3)
FNDA:1,(anonymous_4)
FNDA:1575,(anonymous_5)
FNDA:7,(anonymous_6)
FNDA:262,(anonymous_7)
FNDA:264,(anonymous_8)
FNDA:261,(anonymous_9)
FNDA:3,(anonymous_10)
DA:4,1
DA:7,1
DA:10,1
DA:16,7
DA:17,7
DA:18,7
DA:19,7
DA:20,7
DA:24,3
DA:25,3
DA:30,11
DA:31,11
DA:36,7
DA:37,7
DA:41,1
DA:42,1
DA:43,1
DA:48,1575
DA:49,0
DA:51,1575
DA:52,1575
DA:53,1
DA:54,1
DA:59,7
DA:60,7
DA:61,7
DA:62,7
DA:65,7
DA:67,7
DA:68,7
DA:69,7
DA:76,262
DA:77,1
DA:79,261
DA:80,261
DA:81,264
DA:84,261
DA:85,261
DA:92,261
DA:93,261
DA:94,3
DA:95,3
DA:96,3
LF:43
LH:42
BRDA:24,0,0,3
BRDA:24,0,1,0
BRDA:30,1,0,11
BRDA:30,1,1,0
BRDA:42,2,0,1
BRDA:42,2,1,0
BRDA:48,3,0,0
BRDA:48,3,1,1575
BRDA:52,4,0,1
BRDA:52,4,1,1574
BRDA:52,5,0,1575
BRDA:52,5,1,1
BRDA:76,6,0,1
BRDA:76,6,1,261
BRDA:93,7,0,3
BRDA:93,7,1,258
BRDA:93,8,0,261
BRDA:93,8,1,3
BRF:18
BRH:14
end_of_record
TN:
SF:/Users/erictu/git-repos/chainsafe/lodestar/packages/lodestar-validator/src/api/index.ts
FNF:0
FNH:0
DA:1,1
DA:2,1
LF:2
LH:2
BRF:0
BRH:0
end_of_record
TN:
SF:/Users/erictu/git-repos/chainsafe/lodestar/packages/lodestar-validator/src/api/impl/instance.ts
FN:20,(anonymous_0)
FN:27,(anonymous_1)
FN:31,(anonymous_2)
FNF:3
FNH:3
FNDA:7,(anonymous_0)
FNDA:7,(anonymous_1)
FNDA:1,(anonymous_2)
DA:1,1
DA:12,1
DA:14,7
DA:21,7
DA:22,7
DA:23,7
DA:24,7
DA:28,7
DA:32,1
LF:9
LH:9
BRF:0
BRH:0
end_of_record
TN:
SF:/Users/erictu/git-repos/chainsafe/lodestar/packages/lodestar-validator/src/api/impl/rest/apiClient.ts
FN:15,(anonymous_0)
FNF:1
FNH:0
FNDA:0,(anonymous_0)
DA:1,1
DA:2,1
DA:3,1
DA:8,1
DA:16,0
DA:17,0
DA:18,0
DA:19,0
LF:8
LH:4
BRF:0
BRH:0
end_of_record
TN:
SF:/Users/erictu/git-repos/chainsafe/lodestar/packages/lodestar-validator/src/api/impl/rest/index.ts
FNF:0
FNH:0
DA:1,1
DA:2,1
LF:2
LH:2
BRF:0
BRH:0
end_of_record
TN:
SF:/Users/erictu/git-repos/chainsafe/lodestar/packages/lodestar-validator/src/api/impl/rest/beacon/beacon.ts
FN:10,(anonymous_0)
FN:14,(anonymous_1)
FN:18,(anonymous_2)
FN:22,(anonymous_3)
FN:26,(anonymous_4)
FN:30,(anonymous_5)
FN:33,(anonymous_6)
FNF:7
FNH:0
FNDA:0,(anonymous_0)
FNDA:0,(anonymous_1)
FNDA:0,(anonymous_2)
FNDA:0,(anonymous_3)
FNDA:0,(anonymous_4)
FNDA:0,(anonymous_5)
FNDA:0,(anonymous_6)
DA:3,1
DA:6,1
DA:11,0
DA:15,0
DA:19,0
DA:23,0
DA:27,0
DA:31,0
DA:34,0
LF:9
LH:2
BRF:0
BRH:0
end_of_record
TN:
SF:/Users/erictu/git-repos/chainsafe/lodestar/packages/lodestar-validator/src/api/impl/rest/validator/validator.ts
FN:20,(anonymous_0)
FN:24,(anonymous_1)
FN:25,(anonymous_2)
FN:30,(anonymous_3)
FN:35,(anonymous_4)
FN:45,(anonymous_5)
FN:49,(anonymous_6)
FN:54,(anonymous_7)
FNF:8
FNH:0
FNDA:0,(anonymous_0)
FNDA:0,(anonymous_1)
FNDA:0,(anonymous_2)
FNDA:0,(anonymous_3)
FNDA:0,(anonymous_4)
FNDA:0,(anonymous_5)
FNDA:0,(anonymous_6)
FNDA:0,(anonymous_7)
DA:13,1
DA:16,1
DA:21,0
DA:25,0
DA:26,0
DA:27,0
DA:31,0
DA:32,0
DA:41,0
DA:42,0
DA:46,0
DA:50,0
DA:55,0
LF:13
LH:2
BRF:0
BRH:0
end_of_record
TN:
SF:/Users/erictu/git-repos/chainsafe/lodestar/packages/lodestar-validator/src/services/attestation.ts
FN:30,(anonymous_0)
FN:45,(anonymous_1)
FN:89,(anonymous_2)
FN:92,(anonymous_3)
FN:97,(anonymous_4)
FNF:5
FNH:5
FNDA:3,(anonymous_0)
FNDA:2,(anonymous_1)
FNDA:2,(anonymous_2)
FNDA:1,(anonymous_3)
FNDA:1,(anonymous_4)
DA:4,1
DA:20,1
DA:22,1
DA:37,3
DA:38,3
DA:39,3
DA:40,3
DA:41,3
DA:49,2
DA:50,2
DA:56,2
DA:57,0
DA:58,0
DA:60,2
DA:61,1
DA:65,1
DA:67,1
DA:71,1
DA:80,1
DA:81,1
DA:82,1
DA:86,1
DA:91,2
DA:92,2
DA:93,1
DA:98,1
DA:102,1
DA:106,1
LF:28
LH:26
BRDA:56,0,0,0
BRDA:56,0,1,2
BRDA:60,1,0,1
BRDA:60,1,1,1
BRF:4
BRH:3
end_of_record
TN:
SF:/Users/erictu/git-repos/chainsafe/lodestar/packages/lodestar-validator/src/services/block.ts
FN:23,(anonymous_0)
FN:40,(anonymous_1)
FN:69,(anonymous_2)
FN:73,(anonymous_3)
FN:80,(anonymous_4)
FNF:5
FNH:4
FNDA:4,(anonymous_0)
FNDA:3,(anonymous_1)
FNDA:0,(anonymous_2)
FNDA:3,(anonymous_3)
FNDA:2,(anonymous_4)
DA:5,1
DA:10,1
DA:15,1
DA:30,4
DA:31,4
DA:32,4
DA:33,4
DA:34,4
DA:41,3
DA:42,1
DA:43,1
DA:45,2
DA:53,2
DA:54,0
DA:56,2
DA:61,2
DA:62,2
DA:63,2
DA:66,2
DA:70,0
DA:75,3
DA:76,3
DA:77,2
DA:81,2
LF:24
LH:22
BRDA:41,0,0,1
BRDA:41,0,1,2
BRDA:53,1,0,0
BRDA:53,1,1,2
BRDA:76,2,0,1
BRDA:76,2,1,2
BRF:6
BRH:5
end_of_record
TN:
SF:/Users/erictu/git-repos/chainsafe/lodestar/packages/lodestar-validator/src/util/beaconChain.ts
FN:7,(anonymous_0)
FN:16,getCurrentSlot
FN:24,computeStartSlotOfEpoch
FN:31,computeEpochOfSlot
FN:38,getCurrentEpoch
FN:45,computeDomain
FN:55,getDomain
FN:71,isSlashableAttestationData
FNF:8
FNH:7
FNDA:1,(anonymous_0)
FNDA:7,getCurrentSlot
FNDA:0,computeStartSlotOfEpoch
FNDA:275,computeEpochOfSlot
FNDA:2,getCurrentEpoch
FNDA:5,computeDomain
FNDA:5,getDomain
FNDA:1,isSlashableAttestationData
DA:3,1
DA:4,1
DA:7,1
DA:8,1
DA:9,1
DA:10,1
DA:11,1
DA:12,1
DA:13,1
DA:16,1
DA:17,7
DA:18,7
DA:24,1
DA:25,0
DA:31,1
DA:32,275
DA:38,1
DA:39,2
DA:45,1
DA:46,5
DA:55,1
DA:61,5
DA:62,5
DA:65,5
DA:71,1
DA:76,1
LF:26
LH:25
BRDA:7,0,0,1
BRDA:7,0,1,1
BRDA:45,1,0,0
BRDA:59,2,0,0
BRDA:61,3,0,5
BRDA:61,3,1,2
BRDA:63,4,0,0
BRDA:63,4,1,5
BRDA:78,5,0,1
BRDA:78,5,1,1
BRDA:78,5,2,0
BRDA:78,5,3,0
BRF:12
BRH:7
end_of_record
TN:
SF:/Users/erictu/git-repos/chainsafe/lodestar/packages/lodestar-validator/src/util/httpClient.ts
FN:13,(anonymous_1)
FN:20,(anonymous_2)
FN:31,(anonymous_3)
FN:43,(anonymous_4)
FNF:4
FNH:4
FNDA:4,(anonymous_1)
FNDA:3,(anonymous_2)
FNDA:1,(anonymous_3)
FNDA:2,(anonymous_4)
DA:1,1
DA:9,1
DA:14,4
DA:17,4
DA:21,3
DA:22,3
DA:23,1
DA:24,1
DA:26,2
DA:27,2
DA:32,1
DA:33,1
DA:34,1
DA:35,1
DA:37,0
DA:38,0
DA:43,1
DA:45,2
DA:46,2
DA:47,0
DA:48,0
DA:50,0
DA:53,2
LF:23
LH:18
BRDA:15,0,0,4
BRDA:15,0,1,4
BRDA:45,1,0,2
BRDA:45,1,1,0
BRDA:47,2,0,0
BRDA:47,2,1,0
BRF:6
BRH:3
end_of_record
TN:
SF:/Users/erictu/git-repos/chainsafe/lodestar/packages/lodestar-validator/src/util/index.ts
FNF:0
FNH:0
DA:1,1
DA:2,1
DA:3,1
LF:3
LH:3
BRF:0
BRH:0
end_of_record
TN:
SF:/Users/erictu/git-repos/chainsafe/lodestar/packages/lodestar-validator/src/util/misc.ts
FN:1,sleep
FN:2,(anonymous_1)
FNF:2
FNH:2
FNDA:2,sleep
FNDA:2,(anonymous_1)
DA:1,1
DA:2,2
LF:2
LH:2
BRF:0
BRH:0
end_of_record
