TN:
SF:/Users/gregmarkou/Jobs/code/github.com/ChainSafe/lodestar/packages/lodestar/src/index.ts
FNF:0
FNH:0
LF:0
LH:0
BRF:0
BRH:0
end_of_record
TN:
SF:/Users/gregmarkou/Jobs/code/github.com/ChainSafe/lodestar/packages/lodestar/src/chain/chain.ts
FN:48,(anonymous_1)
FN:60,(anonymous_2)
FN:68,(anonymous_3)
FN:71,(anonymous_4)
FN:79,(anonymous_5)
FN:83,(anonymous_6)
FN:111,(anonymous_7)
FN:115,(anonymous_8)
FN:122,(anonymous_9)
FN:134,(anonymous_10)
FN:143,(anonymous_11)
FN:161,(anonymous_12)
FN:205,(anonymous_13)
FN:214,(anonymous_14)
FNF:14
FNH:0
FNDA:0,(anonymous_1)
FNDA:0,(anonymous_2)
FNDA:0,(anonymous_3)
FNDA:0,(anonymous_4)
FNDA:0,(anonymous_5)
FNDA:0,(anonymous_6)
FNDA:0,(anonymous_7)
FNDA:0,(anonymous_8)
FNDA:0,(anonymous_9)
FNDA:0,(anonymous_10)
FNDA:0,(anonymous_11)
FNDA:0,(anonymous_12)
FNDA:0,(anonymous_13)
FNDA:0,(anonymous_14)
DA:5,1
DA:6,1
DA:7,1
DA:8,1
DA:10,1
DA:21,1
DA:27,1
DA:29,1
DA:31,1
DA:32,1
DA:34,1
DA:35,1
DA:37,1
DA:49,0
DA:50,0
DA:51,0
DA:52,0
DA:53,0
DA:54,0
DA:55,0
DA:56,0
DA:62,0
DA:64,0
DA:76,0
DA:77,0
DA:78,0
DA:80,0
DA:81,0
DA:84,0
DA:85,0
DA:87,0
DA:88,0
DA:89,0
DA:90,0
DA:91,0
DA:92,0
DA:93,0
DA:97,0
DA:106,0
DA:107,0
DA:108,0
DA:112,0
DA:113,0
DA:115,0
DA:116,0
DA:117,0
DA:119,0
DA:123,0
DA:124,0
DA:125,0
DA:128,0
DA:131,0
DA:135,0
DA:136,0
DA:137,0
DA:138,0
DA:139,0
DA:145,0
DA:146,0
DA:147,0
DA:154,0
DA:155,0
DA:156,0
DA:158,0
DA:162,0
DA:163,0
DA:164,0
DA:166,0
DA:170,0
DA:171,0
DA:175,0
DA:176,0
DA:179,0
DA:182,0
DA:183,0
DA:184,0
DA:188,0
DA:189,0
DA:192,0
DA:193,0
DA:194,0
DA:198,0
DA:199,0
DA:202,0
DA:206,0
DA:210,0
DA:215,0
DA:216,0
DA:220,0
LF:89
LH:13
BRDA:62,0,0,0
BRDA:62,0,1,0
BRDA:137,1,0,0
BRDA:137,1,1,0
BRDA:146,2,0,0
BRDA:146,2,1,0
BRDA:155,3,0,0
BRDA:155,3,1,0
BRDA:179,4,0,0
BRDA:179,4,1,0
BRDA:182,5,0,0
BRDA:182,5,1,0
BRDA:192,6,0,0
BRDA:192,6,1,0
BRF:14
BRH:0
end_of_record
TN:
SF:/Users/gregmarkou/Jobs/code/github.com/ChainSafe/lodestar/packages/lodestar/src/chain/genesis.ts
FN:43,getEmptyBlockBody
FN:68,getEmptyBlock
FN:105,(anonymous_3)
FN:121,(anonymous_4)
FN:131,(anonymous_5)
FN:140,(anonymous_6)
FN:141,(anonymous_7)
FN:142,(anonymous_8)
FN:143,(anonymous_9)
FNF:9
FNH:2
FNDA:1,getEmptyBlockBody
FNDA:11,getEmptyBlock
FNDA:0,(anonymous_3)
FNDA:0,(anonymous_4)
FNDA:0,(anonymous_5)
FNDA:0,(anonymous_6)
FNDA:0,(anonymous_7)
FNDA:0,(anonymous_8)
FNDA:0,(anonymous_9)
DA:44,1
DA:69,1
DA:105,1
DA:121,1
DA:131,1
DA:140,1
DA:141,1
DA:142,1
DA:143,11
LF:9
LH:9
BRF:0
BRH:0
end_of_record
TN:
SF:/Users/gregmarkou/Jobs/code/github.com/ChainSafe/lodestar/packages/lodestar/src/chain/interface.ts
FNF:0
FNH:0
LF:0
LH:0
BRF:0
BRH:0
end_of_record
TN:
SF:/Users/gregmarkou/Jobs/code/github.com/ChainSafe/lodestar/packages/lodestar/src/chain/factory/attestation/data.ts
FNF:0
FNH:0
DA:18,1
DA:20,1
DA:22,1
DA:24,1
LF:4
LH:4
BRDA:20,0,0,0
BRDA:20,0,1,2
BRF:2
BRH:1
end_of_record
TN:
SF:/Users/gregmarkou/Jobs/code/github.com/ChainSafe/lodestar/packages/lodestar/src/chain/factory/attestation/index.ts
FNF:0
FNH:0
DA:21,1
DA:22,1
LF:2
LH:2
BRF:0
BRH:0
end_of_record
TN:
SF:/Users/gregmarkou/Jobs/code/github.com/ChainSafe/lodestar/packages/lodestar/src/chain/factory/block/body.ts
FN:43,(anonymous_1)
FN:44,(anonymous_2)
FN:45,(anonymous_3)
FN:46,(anonymous_4)
FNF:4
FNH:4
FNDA:2,(anonymous_1)
FNDA:2,(anonymous_2)
FNDA:2,(anonymous_3)
FNDA:2,(anonymous_4)
DA:42,1
DA:43,1
DA:44,1
DA:45,1
DA:46,2
LF:5
LH:5
BRF:0
BRH:0
end_of_record
TN:
SF:/Users/gregmarkou/Jobs/code/github.com/ChainSafe/lodestar/packages/lodestar/src/chain/factory/block/deposits.ts
FNF:0
FNH:0
DA:30,1
LF:1
LH:1
BRF:0
BRH:0
end_of_record
TN:
SF:/Users/gregmarkou/Jobs/code/github.com/ChainSafe/lodestar/packages/lodestar/src/chain/factory/block/eth1Data.ts
FN:14,bestVoteData
FN:45,(anonymous_1)
FNF:2
FNH:2
FNDA:3,bestVoteData
FNDA:4,(anonymous_1)
DA:11,2
DA:16,1
DA:21,1
DA:23,1
DA:24,1
DA:25,3
DA:26,3
DA:30,3
DA:35,1
DA:36,1
DA:43,1
DA:45,2
DA:53,1
DA:64,1
DA:65,2
DA:66,1
DA:67,1
LF:17
LH:17
BRDA:23,0,0,1
BRDA:23,0,1,2
BRDA:35,1,0,1
BRDA:35,1,1,1
BRDA:68,2,0,14
BRDA:68,2,1,13
BRDA:68,2,2,12
BRF:7
BRH:7
end_of_record
TN:
SF:/Users/gregmarkou/Jobs/code/github.com/ChainSafe/lodestar/packages/lodestar/src/chain/factory/block/index.ts
FNF:0
FNH:0
DA:29,1
DA:33,1
DA:34,1
LF:3
LH:3
BRF:0
BRH:0
end_of_record
TN:
SF:/Users/gregmarkou/Jobs/code/github.com/ChainSafe/lodestar/packages/lodestar/src/chain/factory/duties/index.ts
FN:4,assembleValidatorDuty
FNF:1
FNH:1
FNDA:3,assembleValidatorDuty
DA:4,3
DA:17,1
DA:18,1
DA:23,3
DA:24,3
DA:32,2
DA:37,3
LF:7
LH:7
BRDA:23,0,0,2
BRDA:23,0,1,1
BRDA:4,1,0,1
BRDA:4,1,1,2
BRF:4
BRH:4
end_of_record
TN:
SF:/Users/gregmarkou/Jobs/code/github.com/ChainSafe/lodestar/packages/lodestar/src/chain/forkChoice/interface.ts
FNF:0
FNH:0
LF:0
LH:0
BRF:0
BRH:0
end_of_record
TN:
SF:/Users/gregmarkou/Jobs/code/github.com/ChainSafe/lodestar/packages/lodestar/src/chain/forkChoice/statefulDag/attestationAggregator.ts
FN:56,(anonymous_1)
FN:62,(anonymous_2)
FN:76,(anonymous_3)
FN:110,(anonymous_4)
FN:112,(anonymous_5)
FN:113,(anonymous_6)
FNF:6
FNH:6
FNDA:9,(anonymous_1)
FNDA:105,(anonymous_2)
FNDA:115,(anonymous_3)
FNDA:5,(anonymous_4)
FNDA:10,(anonymous_5)
FNDA:2,(anonymous_6)
DA:5,1
DA:39,1
DA:57,9
DA:58,9
DA:59,9
DA:63,105
DA:64,16
DA:70,105
DA:77,115
DA:78,115
DA:80,57
DA:81,57
DA:82,57
DA:84,10
DA:86,47
DA:87,47
DA:88,47
DA:89,17
DA:90,17
DA:91,30
DA:92,20
DA:94,10
DA:98,58
DA:99,58
DA:102,95
DA:111,5
DA:112,10
DA:113,5
DA:114,2
DA:115,1
LF:30
LH:30
BRDA:63,0,0,16
BRDA:63,0,1,89
BRDA:78,1,0,57
BRDA:78,1,1,58
BRDA:82,2,0,10
BRDA:82,2,1,47
BRDA:82,3,0,57
BRDA:82,3,1,57
BRDA:82,3,2,57
BRDA:88,4,0,17
BRDA:88,4,1,30
BRDA:91,5,0,20
BRDA:91,5,1,10
BRDA:114,6,0,1
BRDA:114,6,1,1
BRDA:114,7,0,2
BRDA:114,7,1,1
BRF:17
BRH:17
end_of_record
TN:
SF:/Users/gregmarkou/Jobs/code/github.com/ChainSafe/lodestar/packages/lodestar/src/chain/forkChoice/statefulDag/lmdGhost.ts
FN:57,(anonymous_1)
FN:71,(anonymous_2)
FN:78,(anonymous_3)
FN:90,(anonymous_4)
FN:113,(anonymous_5)
FN:128,(anonymous_6)
FN:138,(anonymous_7)
FN:142,(anonymous_8)
FN:180,(anonymous_9)
FN:182,(anonymous_10)
FN:189,(anonymous_11)
FN:209,(anonymous_12)
FN:218,(anonymous_13)
FN:226,(anonymous_14)
FN:231,(anonymous_15)
FN:233,(anonymous_16)
FN:242,(anonymous_17)
FN:243,(anonymous_18)
FN:255,(anonymous_19)
FNF:19
FNH:19
FNDA:27,(anonymous_1)
FNDA:64,(anonymous_2)
FNDA:17,(anonymous_3)
FNDA:23,(anonymous_4)
FNDA:40,(anonymous_5)
FNDA:24,(anonymous_6)
FNDA:4,(anonymous_7)
FNDA:8,(anonymous_8)
FNDA:4,(anonymous_9)
FNDA:4,(anonymous_10)
FNDA:27,(anonymous_11)
FNDA:10,(anonymous_12)
FNDA:4,(anonymous_13)
FNDA:4,(anonymous_14)
FNDA:4,(anonymous_15)
FNDA:4,(anonymous_16)
FNDA:12,(anonymous_17)
FNDA:28,(anonymous_18)
FNDA:12,(anonymous_19)
DA:5,1
DA:6,1
DA:17,1
DA:58,27
DA:59,27
DA:60,27
DA:62,27
DA:63,27
DA:64,27
DA:65,27
DA:72,64
DA:79,17
DA:91,23
DA:92,23
DA:94,15
DA:95,15
DA:96,15
DA:97,15
DA:98,32
DA:99,30
DA:100,30
DA:101,30
DA:104,2
DA:114,40
DA:115,40
DA:116,28
DA:117,4
DA:119,24
DA:121,28
DA:129,24
DA:130,23
DA:131,23
DA:140,4
DA:141,4
DA:142,8
DA:144,4
DA:145,1
DA:146,1
DA:158,1
DA:181,4
DA:182,4
DA:183,4
DA:184,4
DA:185,4
DA:186,4
DA:190,27
DA:191,27
DA:192,27
DA:194,27
DA:200,27
DA:201,27
DA:204,27
DA:205,23
DA:210,10
DA:211,10
DA:219,4
DA:220,4
DA:221,4
DA:222,4
DA:223,4
DA:227,4
DA:228,4
DA:232,4
DA:233,4
DA:234,4
DA:235,0
DA:238,4
DA:243,12
DA:244,28
DA:245,12
DA:246,12
DA:248,12
DA:252,12
DA:256,12
DA:257,12
DA:258,12
DA:260,12
LF:77
LH:76
BRDA:81,0,0,17
BRDA:81,0,1,8
BRDA:81,0,2,7
BRDA:92,1,0,15
BRDA:92,1,1,8
BRDA:98,2,0,30
BRDA:98,2,1,2
BRDA:115,3,0,28
BRDA:115,3,1,12
BRDA:116,4,0,4
BRDA:116,4,1,24
BRDA:129,5,0,23
BRDA:129,5,1,1
BRDA:129,6,0,24
BRDA:129,6,1,9
BRDA:140,7,0,4
BRDA:140,7,1,0
BRDA:142,8,0,1
BRDA:142,8,1,7
BRDA:144,9,0,1
BRDA:144,9,1,3
BRDA:182,10,0,4
BRDA:182,10,1,0
BRDA:194,11,0,27
BRDA:194,11,1,27
BRDA:204,12,0,23
BRDA:204,12,1,4
BRDA:232,13,0,4
BRDA:232,13,1,0
BRDA:234,14,0,0
BRDA:234,14,1,4
BRDA:244,15,0,12
BRDA:244,15,1,16
BRDA:257,16,0,12
BRDA:257,16,1,0
BRF:35
BRH:30
end_of_record
TN:
SF:/Users/gregmarkou/Jobs/code/github.com/ChainSafe/lodestar/packages/lodestar/src/chain/stateTransition/index.ts
FNF:0
FNH:0
DA:40,1
LF:1
LH:1
BRDA:36,0,0,1
BRF:1
BRH:1
end_of_record
TN:
SF:/Users/gregmarkou/Jobs/code/github.com/ChainSafe/lodestar/packages/lodestar/src/chain/stateTransition/slot.ts
FN:30,processSlots
FNF:1
FNH:1
FNDA:1,processSlots
DA:22,1
DA:31,1
DA:33,1
DA:36,1
DA:37,1
DA:40,1
DA:47,1
DA:48,1
DA:50,0
LF:9
LH:8
BRDA:36,0,0,1
BRDA:36,0,1,1
BRF:2
BRH:2
end_of_record
TN:
SF:/Users/gregmarkou/Jobs/code/github.com/ChainSafe/lodestar/packages/lodestar/src/chain/stateTransition/block/blockHeader.ts
FNF:0
FNH:0
DA:48,1
LF:1
LH:1
BRDA:41,0,0,1
BRF:1
BRH:1
end_of_record
TN:
SF:/Users/gregmarkou/Jobs/code/github.com/ChainSafe/lodestar/packages/lodestar/src/chain/stateTransition/block/eth1Data.ts
FNF:0
FNH:0
DA:17,2
DA:25,1
DA:26,1
DA:27,1
LF:4
LH:4
BRF:0
BRH:0
end_of_record
TN:
SF:/Users/gregmarkou/Jobs/code/github.com/ChainSafe/lodestar/packages/lodestar/src/chain/stateTransition/block/index.ts
FNF:0
FNH:0
DA:28,1
LF:1
LH:1
BRDA:25,0,0,0
BRF:1
BRH:0
end_of_record
TN:
SF:/Users/gregmarkou/Jobs/code/github.com/ChainSafe/lodestar/packages/lodestar/src/chain/stateTransition/block/randao.ts
FNF:0
FNH:0
DA:20,1
DA:21,3
LF:2
LH:2
BRF:0
BRH:0
end_of_record
TN:
SF:/Users/gregmarkou/Jobs/code/github.com/ChainSafe/lodestar/packages/lodestar/src/chain/stateTransition/block/operations/attestation.ts
FNF:0
FNH:0
DA:34,2
DA:58,1
DA:59,1
DA:61,1
DA:62,1
DA:63,1
DA:69,1
DA:79,1
DA:84,2
LF:9
LH:9
BRDA:64,0,0,1
BRDA:64,0,1,1
BRF:2
BRH:2
end_of_record
TN:
SF:/Users/gregmarkou/Jobs/code/github.com/ChainSafe/lodestar/packages/lodestar/src/chain/stateTransition/block/operations/attesterSlashing.ts
FNF:0
FNH:0
DA:24,5
DA:42,1
DA:43,1
DA:46,1
DA:47,1
DA:48,1
DA:50,5
LF:7
LH:7
BRF:0
BRH:0
end_of_record
TN:
SF:/Users/gregmarkou/Jobs/code/github.com/ChainSafe/lodestar/packages/lodestar/src/chain/stateTransition/block/operations/deposit.ts
FN:64,(anonymous_1)
FNF:1
FNH:1
FNDA:5,(anonymous_1)
DA:45,1
DA:59,2
DA:61,1
DA:62,1
DA:63,1
DA:64,1
DA:69,1
DA:74,1
LF:8
LH:8
BRDA:69,0,0,1
BRDA:69,0,1,1
BRF:2
BRH:2
end_of_record
TN:
SF:/Users/gregmarkou/Jobs/code/github.com/ChainSafe/lodestar/packages/lodestar/src/chain/stateTransition/block/operations/index.ts
FNF:0
FNH:0
DA:53,1
DA:56,1
LF:2
LH:2
BRF:0
BRH:0
end_of_record
TN:
SF:/Users/gregmarkou/Jobs/code/github.com/ChainSafe/lodestar/packages/lodestar/src/chain/stateTransition/block/operations/proposerSlashing.ts
FNF:0
FNH:0
DA:56,1
LF:1
LH:1
BRF:0
BRH:0
end_of_record
TN:
SF:/Users/gregmarkou/Jobs/code/github.com/ChainSafe/lodestar/packages/lodestar/src/chain/stateTransition/block/operations/transfer.ts
FNF:0
FNH:0
DA:62,1
DA:63,3
DA:64,1
DA:66,1
LF:4
LH:4
BRDA:74,0,0,1
BRDA:74,0,1,1
BRF:2
BRH:2
end_of_record
TN:
SF:/Users/gregmarkou/Jobs/code/github.com/ChainSafe/lodestar/packages/lodestar/src/chain/stateTransition/block/operations/voluntaryExit.ts
FNF:0
FNH:0
DA:32,2
DA:52,1
LF:2
LH:2
BRF:0
BRH:0
end_of_record
TN:
SF:/Users/gregmarkou/Jobs/code/github.com/ChainSafe/lodestar/packages/lodestar/src/chain/stateTransition/epoch/crosslinks.ts
FNF:0
FNH:0
DA:19,2
DA:32,1
DA:34,1
DA:35,1
DA:37,2
DA:38,2
LF:6
LH:6
BRF:0
BRH:0
end_of_record
TN:
SF:/Users/gregmarkou/Jobs/code/github.com/ChainSafe/lodestar/packages/lodestar/src/chain/stateTransition/epoch/finalUpdates.ts
FN:51,(anonymous_1)
FNF:1
FNH:0
FNDA:0,(anonymous_1)
DA:42,1
DA:45,1
DA:47,1
DA:48,1
DA:51,1
DA:52,1
DA:55,1
DA:56,1
DA:58,1
DA:64,0
DA:67,0
DA:68,0
DA:71,0
LF:13
LH:9
BRDA:47,0,0,1
BRDA:47,0,1,1
BRDA:56,1,0,0
BRDA:56,1,1,1
BRDA:56,2,0,1
BRDA:56,2,1,1
BRF:6
BRH:5
end_of_record
TN:
SF:/Users/gregmarkou/Jobs/code/github.com/ChainSafe/lodestar/packages/lodestar/src/chain/stateTransition/epoch/index.ts
FNF:0
FNH:0
DA:22,1
DA:26,1
DA:31,1
DA:35,1
LF:4
LH:4
BRF:0
BRH:0
end_of_record
TN:
SF:/Users/gregmarkou/Jobs/code/github.com/ChainSafe/lodestar/packages/lodestar/src/chain/stateTransition/epoch/justification.ts
FNF:0
FNH:0
DA:18,1
DA:19,1
DA:20,1
DA:22,1
DA:24,1
DA:25,1
DA:28,1
DA:29,0
DA:32,0
DA:35,0
DA:39,0
DA:40,0
DA:41,0
DA:43,0
DA:44,0
DA:49,0
DA:51,0
DA:52,0
DA:53,0
DA:54,0
DA:57,0
DA:61,0
DA:63,0
DA:64,0
DA:67,0
DA:69,0
DA:70,0
DA:73,0
DA:75,0
DA:76,0
LF:30
LH:7
BRDA:19,0,0,1
BRDA:19,0,1,1
BRDA:40,1,0,0
BRDA:40,1,1,1
BRDA:51,2,0,1
BRDA:51,2,1,1
BRDA:61,3,0,0
BRDA:61,3,1,0
BRDA:61,4,0,0
BRDA:61,4,1,0
BRDA:67,5,0,0
BRDA:67,5,1,0
BRDA:67,6,0,0
BRDA:67,6,1,0
BRDA:73,7,0,0
BRDA:73,7,1,0
BRDA:73,8,0,0
BRDA:73,8,1,0
BRF:18
BRH:5
end_of_record
TN:
SF:/Users/gregmarkou/Jobs/code/github.com/ChainSafe/lodestar/packages/lodestar/src/chain/stateTransition/epoch/registryUpdates.ts
FN:29,(anonymous_1)
FN:45,(anonymous_2)
FN:18,(anonymous_3)
FNF:3
FNH:3
FNDA:1,(anonymous_1)
FNDA:2,(anonymous_2)
FNDA:2,(anonymous_3)
DA:18,2
DA:25,1
DA:27,1
DA:28,1
DA:29,1
DA:30,1
DA:32,1
DA:35,1
DA:38,1
DA:45,1
DA:46,1
LF:11
LH:11
BRDA:30,0,0,1
BRDA:30,0,1,1
BRDA:30,1,0,0
BRDA:30,1,1,1
BRDA:35,2,0,1
BRDA:35,2,1,1
BRDA:35,3,0,1
BRDA:35,3,1,1
BRDA:46,4,0,2
BRDA:46,4,1,1
BRF:10
BRH:9
end_of_record
TN:
SF:/Users/gregmarkou/Jobs/code/github.com/ChainSafe/lodestar/packages/lodestar/src/chain/stateTransition/epoch/slashings.ts
FNF:0
FNH:0
DA:24,1
DA:37,1
DA:39,1
DA:42,1
DA:45,1
LF:5
LH:5
BRF:0
BRH:0
end_of_record
TN:
SF:/Users/gregmarkou/Jobs/code/github.com/ChainSafe/lodestar/packages/lodestar/src/chain/stateTransition/epoch/util.ts
FN:23,getTotalActiveBalance
FN:27,getMatchingSourceAttestations
FN:38,getMatchingTargetAttestations
FN:44,(anonymous_4)
FN:47,getMatchingHeadAttestations
FN:52,(anonymous_6)
FN:56,getUnslashedAttestingIndices
FN:61,(anonymous_8)
FN:62,(anonymous_9)
FN:65,(anonymous_10)
FN:69,getAttestingBalance
FN:73,getWinningCrosslinkAndAttestingIndices
FN:80,(anonymous_13)
FN:83,(anonymous_14)
FN:86,(anonymous_15)
FN:103,(anonymous_16)
FN:107,(anonymous_17)
FN:110,(anonymous_18)
FN:121,(anonymous_19)
FNF:19
FNH:11
FNDA:1,getTotalActiveBalance
FNDA:4,getMatchingSourceAttestations
FNDA:1,getMatchingTargetAttestations
FNDA:2,(anonymous_4)
FNDA:1,getMatchingHeadAttestations
FNDA:2,(anonymous_6)
FNDA:2,getUnslashedAttestingIndices
FNDA:4,(anonymous_8)
FNDA:8,(anonymous_9)
FNDA:4,(anonymous_10)
FNDA:1,getAttestingBalance
FNDA:0,getWinningCrosslinkAndAttestingIndices
FNDA:0,(anonymous_13)
FNDA:0,(anonymous_14)
FNDA:0,(anonymous_15)
FNDA:0,(anonymous_16)
FNDA:0,(anonymous_17)
FNDA:0,(anonymous_18)
FNDA:0,(anonymous_19)
DA:5,1
DA:6,1
DA:8,1
DA:9,1
DA:11,1
DA:23,1
DA:24,1
DA:27,1
DA:31,4
DA:32,4
DA:33,4
DA:38,1
DA:42,1
DA:43,1
DA:44,2
DA:47,1
DA:51,1
DA:52,2
DA:56,1
DA:60,2
DA:61,2
DA:62,4
DA:63,8
DA:64,2
DA:65,4
DA:69,1
DA:70,1
DA:73,1
DA:79,0
DA:80,0
DA:81,0
DA:82,0
DA:83,0
DA:84,0
DA:86,0
DA:88,0
DA:96,0
DA:97,0
DA:102,0
DA:103,0
DA:107,0
DA:111,0
DA:112,0
DA:113,0
DA:114,0
DA:116,0
DA:119,0
DA:121,0
DA:122,0
DA:123,0
LF:50
LH:28
BRDA:32,0,0,4
BRDA:32,0,1,1
BRDA:34,1,0,3
BRDA:34,1,1,1
BRDA:84,2,0,0
BRDA:84,2,1,0
BRDA:96,3,0,0
BRDA:96,3,1,0
BRDA:111,4,0,0
BRDA:111,4,1,0
BRDA:113,5,0,0
BRDA:113,5,1,0
BRDA:114,6,0,0
BRDA:114,6,1,0
BRF:14
BRH:4
end_of_record
TN:
SF:/Users/gregmarkou/Jobs/code/github.com/ChainSafe/lodestar/packages/lodestar/src/chain/stateTransition/epoch/balanceUpdates/attestation.ts
FN:52,(anonymous_1)
FN:53,(anonymous_2)
FN:55,(anonymous_3)
FN:67,(anonymous_4)
FN:70,(anonymous_5)
FN:83,(anonymous_6)
FN:85,(anonymous_7)
FN:86,(anonymous_8)
FNF:8
FNH:0
FNDA:0,(anonymous_1)
FNDA:0,(anonymous_2)
FNDA:0,(anonymous_3)
FNDA:0,(anonymous_4)
FNDA:0,(anonymous_5)
FNDA:0,(anonymous_6)
FNDA:0,(anonymous_7)
FNDA:0,(anonymous_8)
DA:50,1
DA:51,1
DA:52,1
DA:53,1
DA:54,1
DA:56,1
DA:57,0
DA:59,0
DA:63,0
DA:64,0
DA:65,0
DA:66,0
DA:68,0
DA:69,0
DA:70,0
DA:71,0
DA:72,0
DA:76,0
DA:83,0
DA:84,0
DA:85,0
DA:86,0
DA:87,0
DA:89,0
LF:24
LH:6
BRDA:56,0,0,1
BRDA:56,0,1,1
BRDA:56,1,0,0
BRDA:56,1,1,1
BRDA:56,1,2,NaN
BRDA:71,2,0,1
BRDA:71,2,1,1
BRDA:86,3,0,0
BRDA:86,3,1,0
BRF:9
BRH:5
end_of_record
TN:
SF:/Users/gregmarkou/Jobs/code/github.com/ChainSafe/lodestar/packages/lodestar/src/chain/stateTransition/epoch/balanceUpdates/baseReward.ts
FNF:0
FNH:0
DA:14,1
LF:1
LH:1
BRF:0
BRH:0
end_of_record
TN:
SF:/Users/gregmarkou/Jobs/code/github.com/ChainSafe/lodestar/packages/lodestar/src/chain/stateTransition/epoch/balanceUpdates/crosslink.ts
FN:32,(anonymous_1)
FN:33,(anonymous_2)
FNF:2
FNH:0
FNDA:0,(anonymous_1)
FNDA:0,(anonymous_2)
DA:32,1
DA:33,1
DA:34,1
DA:35,1
DA:36,1
DA:37,0
DA:38,0
DA:39,0
DA:40,0
DA:41,0
DA:43,0
DA:45,0
LF:12
LH:5
BRF:0
BRH:0
end_of_record
TN:
SF:/Users/gregmarkou/Jobs/code/github.com/ChainSafe/lodestar/packages/lodestar/src/chain/stateTransition/epoch/balanceUpdates/index.ts
FN:12,processRewardsAndPenalties
FN:18,(anonymous_1)
FNF:2
FNH:0
FNDA:0,processRewardsAndPenalties
FNDA:0,(anonymous_1)
DA:13,1
DA:14,1
DA:16,1
DA:17,1
DA:18,1
DA:19,0
DA:20,0
LF:7
LH:5
BRDA:13,0,0,0
BRDA:13,0,1,0
BRF:2
BRH:0
end_of_record
TN:
SF:/Users/gregmarkou/Jobs/code/github.com/ChainSafe/lodestar/packages/lodestar/src/chain/stateTransition/util/attestation.ts
FN:51,getAttestingIndices
FN:62,(anonymous_1)
FN:63,(anonymous_2)
FN:70,getBitfieldBit
FN:80,verifyBitfield
FN:103,convertToIndexed
FN:108,(anonymous_6)
FNF:7
FNH:3
FNDA:2,getAttestingIndices
FNDA:0,(anonymous_1)
FNDA:0,(anonymous_2)
FNDA:0,getBitfieldBit
FNDA:67,verifyBitfield
FNDA:24,convertToIndexed
FNDA:0,(anonymous_6)
DA:57,1
DA:60,1
DA:61,1
DA:62,1
DA:63,1
DA:71,1
DA:72,1
DA:82,1
DA:84,1
DA:88,1
DA:89,0
DA:90,0
DA:105,0
DA:107,0
DA:108,67
DA:110,67
DA:127,67
DA:130,1
LF:18
LH:14
BRDA:82,0,0,1
BRDA:82,0,1,1
BRDA:89,1,0,1
BRDA:89,1,1,1
BRF:4
BRH:4
end_of_record
TN:
SF:/Users/gregmarkou/Jobs/code/github.com/ChainSafe/lodestar/packages/lodestar/src/chain/stateTransition/util/balance.ts
FN:30,decreaseBalance
FNF:1
FNH:1
FNDA:10,decreaseBalance
DA:31,1
LF:1
LH:1
BRDA:33,0,0,1
BRF:1
BRH:1
end_of_record
TN:
SF:/Users/gregmarkou/Jobs/code/github.com/ChainSafe/lodestar/packages/lodestar/src/chain/stateTransition/util/crosslinkCommittee.ts
FN:69,getShuffledIndex
FN:105,getSplitOffset
FN:131,getShardDelta
FNF:3
FNH:1
FNDA:1,getShuffledIndex
FNDA:0,getSplitOffset
FNDA:0,getShardDelta
DA:72,1
DA:73,1
DA:74,1
DA:79,1
DA:80,1
DA:91,1
DA:93,0
DA:95,0
DA:106,0
DA:113,0
DA:114,0
DA:132,0
DA:140,0
DA:145,0
DA:151,0
LF:15
LH:6
BRDA:93,0,0,1
BRDA:93,0,1,1
BRF:2
BRH:2
end_of_record
TN:
SF:/Users/gregmarkou/Jobs/code/github.com/ChainSafe/lodestar/packages/lodestar/src/chain/stateTransition/util/epoch.ts
FN:30,slotToEpoch
FNF:1
FNH:1
FNDA:357,slotToEpoch
DA:31,1
DA:38,1
DA:39,357
DA:40,1
DA:42,4
DA:49,4
LF:6
LH:6
BRDA:39,0,0,1
BRDA:39,0,1,3
BRF:2
BRH:2
end_of_record
TN:
SF:/Users/gregmarkou/Jobs/code/github.com/ChainSafe/lodestar/packages/lodestar/src/chain/stateTransition/util/misc.ts
FN:74,getBlockRootAtSlot
FN:83,getBlockRoot
FN:115,getDomain
FN:130,getDomainFromFork
FNF:4
FNH:3
FNDA:1,getBlockRootAtSlot
FNDA:5,getBlockRoot
FNDA:0,getDomain
FNDA:21,getDomainFromFork
DA:64,1
DA:75,1
DA:76,1
DA:77,1
DA:88,1
DA:95,1
DA:97,1
DA:98,1
DA:99,1
DA:100,1
DA:102,1
DA:105,1
DA:107,5
DA:108,4
DA:109,3
DA:126,5
DA:127,1
DA:131,0
DA:132,0
LF:19
LH:17
BRDA:108,0,0,1
BRDA:108,0,1,1
BRDA:124,1,0,0
BRDA:126,2,0,1
BRDA:126,2,1,1
BRDA:131,3,0,0
BRDA:131,3,1,0
BRF:7
BRH:4
end_of_record
TN:
SF:/Users/gregmarkou/Jobs/code/github.com/ChainSafe/lodestar/packages/lodestar/src/chain/stateTransition/util/seed.ts
FN:42,getRandaoMix
FNF:1
FNH:1
FNDA:5,getRandaoMix
DA:40,1
DA:47,1
LF:2
LH:2
BRF:0
BRH:0
end_of_record
TN:
SF:/Users/gregmarkou/Jobs/code/github.com/ChainSafe/lodestar/packages/lodestar/src/chain/stateTransition/util/slashing.ts
FNF:0
FNH:0
LF:0
LH:0
BRDA:22,0,0,7
BRDA:22,0,1,7
BRF:2
BRH:2
end_of_record
TN:
SF:/Users/gregmarkou/Jobs/code/github.com/ChainSafe/lodestar/packages/lodestar/src/chain/stateTransition/util/validator.ts
FN:29,isActiveValidator
FN:38,isSlashableValidator
FNF:2
FNH:2
FNDA:1,isActiveValidator
FNDA:26,isSlashableValidator
DA:30,1
DA:79,1
DA:80,1
DA:82,26
DA:83,1
DA:84,1
DA:86,3
DA:88,20
DA:89,1
LF:9
LH:9
BRDA:30,0,0,1
BRDA:30,0,1,1
BRDA:40,1,0,0
BRDA:40,1,1,1
BRDA:40,1,2,NaN
BRF:5
BRH:3
end_of_record
TN:
SF:/Users/gregmarkou/Jobs/code/github.com/ChainSafe/lodestar/packages/lodestar/src/chain/stateTransition/util/validatorStatus.ts
FN:84,(anonymous_1)
FN:92,(anonymous_2)
FNF:2
FNH:0
FNDA:0,(anonymous_1)
FNDA:0,(anonymous_2)
DA:71,1
DA:79,1
DA:80,1
DA:84,1
DA:85,1
DA:87,0
DA:89,0
DA:91,0
DA:92,0
DA:93,0
DA:94,0
LF:11
LH:5
BRDA:79,0,0,0
BRDA:79,0,1,0
BRDA:85,1,0,0
BRDA:85,1,1,0
BRDA:93,2,0,0
BRDA:93,2,1,0
BRF:6
BRH:0
end_of_record
TN:
SF:/Users/gregmarkou/Jobs/code/github.com/ChainSafe/lodestar/packages/lodestar/src/cli/index.ts
FN:16,(anonymous_0)
FN:20,(anonymous_1)
FNF:2
FNH:0
FNDA:0,(anonymous_0)
FNDA:0,(anonymous_1)
DA:10,0
DA:15,0
DA:17,0
DA:20,0
DA:21,0
DA:22,0
DA:24,0
DA:26,0
DA:29,0
DA:34,0
LF:10
LH:0
BRDA:34,0,0,0
BRDA:34,0,1,0
BRF:2
BRH:0
end_of_record
TN:
SF:/Users/gregmarkou/Jobs/code/github.com/ChainSafe/lodestar/packages/lodestar/src/cli/commands/beacon.ts
FN:30,(anonymous_2)
FN:43,(anonymous_3)
FN:54,(anonymous_4)
FN:98,(anonymous_5)
FN:99,(anonymous_6)
FN:101,(anonymous_7)
FN:102,(anonymous_8)
FN:103,(anonymous_9)
FN:109,(anonymous_10)
FNF:9
FNH:1
FNDA:1,(anonymous_2)
FNDA:0,(anonymous_3)
FNDA:0,(anonymous_4)
FNDA:0,(anonymous_5)
FNDA:0,(anonymous_6)
FNDA:0,(anonymous_7)
FNDA:0,(anonymous_8)
FNDA:0,(anonymous_9)
FNDA:0,(anonymous_10)
DA:7,1
DA:8,1
DA:9,1
DA:10,1
DA:11,1
DA:13,1
DA:14,1
DA:15,1
DA:16,1
DA:28,1
DA:32,1
DA:34,1
DA:46,0
DA:47,0
DA:49,0
DA:55,0
DA:56,0
DA:60,0
DA:61,0
DA:65,0
DA:66,0
DA:67,0
DA:68,0
DA:70,0
DA:73,0
DA:90,0
DA:91,0
DA:94,0
DA:95,0
DA:99,0
DA:100,0
DA:101,0
DA:103,0
DA:104,0
DA:110,0
DA:112,0
DA:113,0
DA:114,0
DA:116,0
LF:39
LH:12
BRDA:55,0,0,0
BRDA:55,0,1,0
BRDA:60,1,0,0
BRDA:60,1,1,0
BRDA:65,2,0,0
BRDA:65,2,1,0
BRDA:67,3,0,0
BRDA:67,3,1,0
BRDA:90,4,0,0
BRDA:90,4,1,0
BRDA:99,5,0,0
BRDA:99,5,1,0
BRDA:112,6,0,0
BRDA:112,6,1,0
BRF:14
BRH:0
end_of_record
TN:
SF:/Users/gregmarkou/Jobs/code/github.com/ChainSafe/lodestar/packages/lodestar/src/cli/commands/create-config.ts
FN:19,(anonymous_1)
FN:29,(anonymous_2)
FN:40,(anonymous_3)
FNF:3
FNH:2
FNDA:1,(anonymous_1)
FNDA:0,(anonymous_2)
FNDA:1,(anonymous_3)
DA:7,1
DA:8,1
DA:9,1
DA:10,1
DA:18,1
DA:21,1
DA:23,1
DA:32,0
DA:33,0
DA:35,0
DA:41,1
DA:42,0
DA:44,1
DA:45,1
DA:48,0
DA:50,0
LF:16
LH:10
BRDA:41,0,0,0
BRDA:41,0,1,1
BRDA:44,1,0,1
BRDA:44,1,1,0
BRF:4
BRH:2
end_of_record
TN:
SF:/Users/gregmarkou/Jobs/code/github.com/ChainSafe/lodestar/packages/lodestar/src/cli/commands/deposit.ts
FN:28,(anonymous_2)
FN:49,(anonymous_3)
FN:61,(anonymous_4)
FN:83,(anonymous_5)
FN:108,(anonymous_6)
FNF:5
FNH:3
FNDA:1,(anonymous_2)
FNDA:0,(anonymous_3)
FNDA:3,(anonymous_4)
FNDA:0,(anonymous_5)
FNDA:1,(anonymous_6)
DA:7,1
DA:8,1
DA:9,1
DA:10,1
DA:11,1
DA:12,1
DA:13,1
DA:26,1
DA:30,1
DA:32,1
DA:52,0
DA:53,0
DA:55,0
DA:62,3
DA:63,0
DA:65,3
DA:66,3
DA:68,3
DA:70,1
DA:73,2
DA:74,2
DA:75,1
DA:76,1
DA:77,0
DA:79,1
DA:82,0
DA:84,0
DA:86,0
DA:88,0
DA:93,0
DA:109,1
DA:110,1
DA:111,1
DA:112,0
DA:113,0
DA:115,0
LF:36
LH:23
BRDA:62,0,0,0
BRDA:62,0,1,3
BRDA:74,1,0,1
BRDA:74,1,1,1
BRDA:76,2,0,0
BRDA:76,2,1,1
BRF:6
BRH:4
end_of_record
TN:
SF:/Users/gregmarkou/Jobs/code/github.com/ChainSafe/lodestar/packages/lodestar/src/cli/commands/eth1-private-network.ts
FN:22,(anonymous_0)
FN:38,(anonymous_1)
FN:48,(anonymous_2)
FNF:3
FNH:2
FNDA:1,(anonymous_0)
FNDA:0,(anonymous_1)
FNDA:1,(anonymous_2)
DA:6,1
DA:8,1
DA:20,1
DA:24,1
DA:26,1
DA:39,0
DA:40,0
DA:42,0
DA:49,1
DA:50,0
DA:52,1
DA:63,1
DA:64,1
LF:13
LH:9
BRDA:49,0,0,0
BRDA:49,0,1,1
BRF:2
BRH:1
end_of_record
TN:
SF:/Users/gregmarkou/Jobs/code/github.com/ChainSafe/lodestar/packages/lodestar/src/cli/commands/interface.ts
FNF:0
FNH:0
LF:0
LH:0
BRF:0
BRH:0
end_of_record
TN:
SF:/Users/gregmarkou/Jobs/code/github.com/ChainSafe/lodestar/packages/lodestar/src/cli/commands/wallet.ts
FN:25,(anonymous_1)
FN:29,_writeToOutput
FN:36,(anonymous_3)
FN:37,(anonymous_4)
FN:45,(anonymous_5)
FN:57,(anonymous_6)
FN:68,(anonymous_7)
FNF:7
FNH:2
FNDA:0,(anonymous_1)
FNDA:0,_writeToOutput
FNDA:0,(anonymous_3)
FNDA:0,(anonymous_4)
FNDA:1,(anonymous_5)
FNDA:0,(anonymous_6)
FNDA:1,(anonymous_7)
DA:7,1
DA:8,1
DA:9,1
DA:10,1
DA:11,1
DA:23,1
DA:25,1
DA:27,0
DA:29,0
DA:30,0
DA:31,0
DA:33,0
DA:36,0
DA:37,0
DA:38,0
DA:39,0
DA:44,1
DA:47,1
DA:49,1
DA:60,0
DA:61,0
DA:63,0
DA:69,1
DA:70,1
DA:73,0
DA:74,0
DA:75,0
DA:77,0
DA:78,0
LF:29
LH:12
BRDA:30,0,0,0
BRDA:30,0,1,0
BRDA:30,1,0,0
BRDA:30,1,1,0
BRDA:69,2,0,1
BRDA:69,2,1,0
BRF:6
BRH:1
end_of_record
TN:
SF:/Users/gregmarkou/Jobs/code/github.com/ChainSafe/lodestar/packages/lodestar/src/db/schema.ts
FN:8,(anonymous_1)
FN:27,(anonymous_2)
FN:42,encodeKey
FNF:3
FNH:3
FNDA:1,(anonymous_1)
FNDA:1,(anonymous_2)
FNDA:5,encodeKey
DA:5,1
DA:8,1
DA:10,1
DA:11,1
DA:12,1
DA:13,1
DA:14,1
DA:15,1
DA:16,1
DA:17,1
DA:18,1
DA:19,1
DA:20,1
DA:21,1
DA:23,1
DA:24,1
DA:27,1
DA:28,1
DA:30,1
DA:31,1
DA:32,1
DA:34,1
DA:35,1
DA:36,1
DA:42,1
DA:44,5
DA:45,1
DA:46,1
DA:47,4
DA:48,2
DA:49,2
DA:51,2
DA:52,2
DA:54,5
DA:55,5
LF:35
LH:35
BRDA:8,0,0,1
BRDA:8,0,1,1
BRDA:27,1,0,1
BRDA:27,1,1,1
BRDA:42,2,0,5
BRDA:44,3,0,1
BRDA:44,3,1,4
BRDA:47,4,0,2
BRDA:47,4,1,2
BRDA:47,5,0,4
BRDA:47,5,1,3
BRDA:55,6,0,5
BRDA:55,6,1,0
BRF:13
BRH:12
end_of_record
TN:
SF:/Users/gregmarkou/Jobs/code/github.com/ChainSafe/lodestar/packages/lodestar/src/db/api/abstract.ts
FN:12,(anonymous_0)
FN:16,(anonymous_1)
FN:20,(anonymous_2)
FNF:3
FNH:1
FNDA:45,(anonymous_0)
FNDA:0,(anonymous_1)
FNDA:0,(anonymous_2)
DA:8,1
DA:13,45
DA:17,0
DA:21,0
LF:4
LH:2
BRF:0
BRH:0
end_of_record
TN:
SF:/Users/gregmarkou/Jobs/code/github.com/ChainSafe/lodestar/packages/lodestar/src/db/api/beacon/beacon.ts
FN:29,(anonymous_0)
FN:33,(anonymous_1)
FN:42,(anonymous_2)
FN:49,(anonymous_3)
FN:53,(anonymous_4)
FN:60,(anonymous_5)
FN:64,(anonymous_6)
FN:68,(anonymous_7)
FN:72,(anonymous_8)
FN:76,(anonymous_9)
FN:80,(anonymous_10)
FN:84,(anonymous_11)
FN:93,(anonymous_12)
FN:97,(anonymous_13)
FN:101,(anonymous_14)
FN:105,(anonymous_15)
FN:109,(anonymous_16)
FN:113,(anonymous_17)
FN:117,(anonymous_18)
FN:125,(anonymous_19)
FN:132,(anonymous_20)
FN:141,(anonymous_21)
FN:149,(anonymous_22)
FN:157,(anonymous_23)
FN:183,(anonymous_24)
FN:187,(anonymous_25)
FN:191,(anonymous_26)
FN:200,(anonymous_27)
FN:208,(anonymous_28)
FN:212,(anonymous_29)
FN:216,(anonymous_30)
FN:221,(anonymous_31)
FN:225,(anonymous_32)
FN:229,(anonymous_33)
FN:234,(anonymous_34)
FN:238,(anonymous_35)
FN:242,(anonymous_36)
FN:248,(anonymous_37)
FN:252,(anonymous_38)
FN:256,(anonymous_39)
FN:262,(anonymous_40)
FN:266,(anonymous_41)
FN:270,(anonymous_42)
FN:274,(anonymous_43)
FN:276,(anonymous_44)
FN:282,(anonymous_45)
FN:287,(anonymous_46)
FN:290,(anonymous_47)
FN:292,(anonymous_48)
FN:298,(anonymous_49)
FN:301,(anonymous_50)
FN:304,(anonymous_51)
FN:314,(anonymous_52)
FNF:53
FNH:47
FNDA:39,(anonymous_0)
FNDA:3,(anonymous_1)
FNDA:0,(anonymous_2)
FNDA:5,(anonymous_3)
FNDA:6,(anonymous_4)
FNDA:1,(anonymous_5)
FNDA:2,(anonymous_6)
FNDA:1,(anonymous_7)
FNDA:1,(anonymous_8)
FNDA:1,(anonymous_9)
FNDA:1,(anonymous_10)
FNDA:7,(anonymous_11)
FNDA:2,(anonymous_12)
FNDA:1,(anonymous_13)
FNDA:1,(anonymous_14)
FNDA:1,(anonymous_15)
FNDA:1,(anonymous_16)
FNDA:1,(anonymous_17)
FNDA:2,(anonymous_18)
FNDA:1,(anonymous_19)
FNDA:1,(anonymous_20)
FNDA:1,(anonymous_21)
FNDA:1,(anonymous_22)
FNDA:2,(anonymous_23)
FNDA:1,(anonymous_24)
FNDA:0,(anonymous_25)
FNDA:0,(anonymous_26)
FNDA:1,(anonymous_27)
FNDA:1,(anonymous_28)
FNDA:1,(anonymous_29)
FNDA:1,(anonymous_30)
FNDA:1,(anonymous_31)
FNDA:1,(anonymous_32)
FNDA:1,(anonymous_33)
FNDA:1,(anonymous_34)
FNDA:1,(anonymous_35)
FNDA:1,(anonymous_36)
FNDA:1,(anonymous_37)
FNDA:1,(anonymous_38)
FNDA:1,(anonymous_39)
FNDA:1,(anonymous_40)
FNDA:2,(anonymous_41)
FNDA:1,(anonymous_42)
FNDA:1,(anonymous_43)
FNDA:0,(anonymous_44)
FNDA:7,(anonymous_45)
FNDA:6,(anonymous_46)
FNDA:5,(anonymous_47)
FNDA:10,(anonymous_48)
FNDA:0,(anonymous_49)
FNDA:0,(anonymous_50)
FNDA:2,(anonymous_51)
FNDA:1,(anonymous_52)
DA:5,1
DA:20,1
DA:22,1
DA:23,1
DA:25,1
DA:27,1
DA:30,39
DA:34,3
DA:35,3
DA:36,3
DA:38,0
DA:43,0
DA:50,5
DA:51,5
DA:54,6
DA:61,1
DA:65,2
DA:69,1
DA:73,1
DA:77,1
DA:81,1
DA:85,7
DA:86,7
DA:87,7
DA:89,1
DA:94,2
DA:98,1
DA:102,1
DA:106,1
DA:110,1
DA:114,1
DA:118,2
DA:119,2
DA:121,0
DA:126,1
DA:127,1
DA:128,0
DA:130,1
DA:133,1
DA:134,1
DA:135,1
DA:137,0
DA:142,1
DA:143,1
DA:144,0
DA:146,1
DA:150,1
DA:151,1
DA:152,0
DA:154,1
DA:158,2
DA:163,2
DA:164,1
DA:167,1
DA:168,0
DA:170,1
DA:171,1
DA:184,1
DA:188,0
DA:192,0
DA:193,0
DA:194,0
DA:196,0
DA:201,1
DA:202,1
DA:209,1
DA:213,1
DA:217,1
DA:218,1
DA:222,1
DA:226,1
DA:230,1
DA:231,1
DA:235,1
DA:239,1
DA:243,1
DA:244,1
DA:249,1
DA:253,1
DA:257,1
DA:258,1
DA:263,1
DA:267,2
DA:271,1
DA:275,1
DA:276,1
DA:277,0
DA:279,1
DA:283,7
DA:287,7
DA:291,5
DA:292,5
DA:293,10
DA:295,5
DA:299,0
DA:301,0
DA:305,2
DA:308,2
DA:309,1
DA:311,1
DA:315,1
LF:101
LH:85
BRDA:127,0,0,0
BRDA:127,0,1,1
BRDA:143,1,0,0
BRDA:143,1,1,1
BRDA:151,2,0,0
BRDA:151,2,1,1
BRDA:159,3,0,1
BRDA:159,3,1,1
BRDA:160,4,0,2
BRDA:160,4,1,0
BRDA:163,5,0,1
BRDA:163,5,1,1
BRDA:167,6,0,0
BRDA:167,6,1,1
BRDA:276,7,0,1
BRDA:276,7,1,0
BRDA:287,8,0,7
BRDA:287,8,1,1
BRDA:308,9,0,1
BRDA:308,9,1,1
BRF:20
BRH:14
end_of_record
TN:
SF:/Users/gregmarkou/Jobs/code/github.com/ChainSafe/lodestar/packages/lodestar/src/db/api/beacon/interface.ts
FNF:0
FNH:0
LF:0
LH:0
BRF:0
BRH:0
end_of_record
TN:
SF:/Users/gregmarkou/Jobs/code/github.com/ChainSafe/lodestar/packages/lodestar/src/db/api/validator/interface.ts
FNF:0
FNH:0
LF:0
LH:0
BRF:0
BRH:0
end_of_record
TN:
SF:/Users/gregmarkou/Jobs/code/github.com/ChainSafe/lodestar/packages/lodestar/src/db/api/validator/validator.ts
FN:14,(anonymous_1)
FN:18,(anonymous_2)
FN:25,(anonymous_3)
FN:32,(anonymous_4)
FN:40,(anonymous_5)
FN:43,(anonymous_6)
FN:50,(anonymous_7)
FN:52,(anonymous_8)
FNF:8
FNH:8
FNDA:6,(anonymous_1)
FNDA:1,(anonymous_2)
FNDA:1,(anonymous_3)
FNDA:2,(anonymous_4)
FNDA:2,(anonymous_5)
FNDA:1,(anonymous_6)
FNDA:1,(anonymous_7)
FNDA:2,(anonymous_8)
DA:5,1
DA:7,1
DA:8,1
DA:9,1
DA:10,1
DA:12,1
DA:15,6
DA:19,1
DA:22,1
DA:26,1
DA:35,2
DA:36,2
DA:40,2
DA:44,1
DA:51,1
DA:52,1
DA:53,2
DA:55,1
LF:18
LH:18
BRF:0
BRH:0
end_of_record
TN:
SF:/Users/gregmarkou/Jobs/code/github.com/ChainSafe/lodestar/packages/lodestar/src/db/controller/interface.ts
FNF:0
FNH:0
LF:0
LH:0
BRF:0
BRH:0
end_of_record
TN:
SF:/Users/gregmarkou/Jobs/code/github.com/ChainSafe/lodestar/packages/lodestar/src/db/controller/impl/level.ts
FN:28,(anonymous_1)
FN:41,(anonymous_2)
FN:46,(anonymous_3)
FN:50,(anonymous_4)
FN:61,(anonymous_5)
FN:65,(anonymous_6)
FN:67,(anonymous_7)
FN:71,(anonymous_8)
FN:73,(anonymous_9)
FN:77,(anonymous_10)
FN:78,(anonymous_11)
FN:83,(anonymous_12)
FN:85,(anonymous_13)
FN:87,(anonymous_14)
FNF:14
FNH:14
FNDA:1,(anonymous_1)
FNDA:1,(anonymous_2)
FNDA:1,(anonymous_3)
FNDA:2,(anonymous_4)
FNDA:2,(anonymous_5)
FNDA:3,(anonymous_6)
FNDA:6,(anonymous_7)
FNDA:1,(anonymous_8)
FNDA:2,(anonymous_9)
FNDA:2,(anonymous_10)
FNDA:2,(anonymous_11)
FNDA:4,(anonymous_12)
FNDA:2,(anonymous_13)
FNDA:2,(anonymous_14)
DA:9,1
DA:10,1
DA:20,1
DA:29,1
DA:30,1
DA:31,1
DA:32,1
DA:42,1
DA:43,1
DA:47,1
DA:51,2
DA:52,2
DA:54,1
DA:55,1
DA:57,0
DA:62,2
DA:66,3
DA:67,6
DA:68,3
DA:72,1
DA:73,2
DA:74,1
DA:78,2
DA:79,2
DA:80,2
DA:84,4
DA:86,2
DA:88,2
LF:28
LH:27
BRDA:33,0,0,1
BRDA:33,0,1,0
BRDA:36,1,0,0
BRDA:36,1,1,0
BRDA:54,2,0,1
BRDA:54,2,1,0
BRF:6
BRH:2
end_of_record
TN:
SF:/Users/gregmarkou/Jobs/code/github.com/ChainSafe/lodestar/packages/lodestar/src/db/controller/impl/pouch.ts
FN:18,(anonymous_1)
FN:28,(anonymous_2)
FN:32,(anonymous_3)
FN:36,(anonymous_4)
FN:40,(anonymous_5)
FN:43,(anonymous_6)
FN:54,(anonymous_7)
FN:57,(anonymous_8)
FN:65,(anonymous_9)
FN:72,(anonymous_10)
FN:84,(anonymous_11)
FN:93,(anonymous_12)
FNF:12
FNH:11
FNDA:1,(anonymous_1)
FNDA:1,(anonymous_2)
FNDA:1,(anonymous_3)
FNDA:0,(anonymous_4)
FNDA:1,(anonymous_5)
FNDA:2,(anonymous_6)
FNDA:3,(anonymous_7)
FNDA:6,(anonymous_8)
FNDA:1,(anonymous_9)
FNDA:8,(anonymous_10)
FNDA:2,(anonymous_11)
FNDA:4,(anonymous_12)
DA:5,1
DA:6,1
DA:8,1
DA:10,1
DA:12,1
DA:14,1
DA:19,1
DA:20,1
DA:29,1
DA:33,1
DA:37,0
DA:41,1
DA:43,1
DA:44,2
DA:45,2
DA:46,2
DA:50,1
DA:51,1
DA:55,3
DA:57,3
DA:58,6
DA:62,3
DA:66,1
DA:67,0
DA:69,1
DA:73,8
DA:74,8
DA:75,8
DA:85,2
DA:93,4
LF:30
LH:28
BRDA:21,0,0,1
BRDA:21,0,1,0
BRDA:45,1,0,2
BRDA:45,1,1,0
BRDA:66,2,0,0
BRDA:66,2,1,1
BRF:6
BRH:3
end_of_record
TN:
SF:/Users/gregmarkou/Jobs/code/github.com/ChainSafe/lodestar/packages/lodestar/src/eth1/interface.ts
FNF:0
FNH:0
LF:0
LH:0
BRF:0
BRH:0
end_of_record
TN:
SF:/Users/gregmarkou/Jobs/code/github.com/ChainSafe/lodestar/packages/lodestar/src/eth1/wallet.ts
FN:24,(anonymous_1)
FN:39,(anonymous_2)
FNF:2
FNH:0
FNDA:0,(anonymous_1)
FNDA:0,(anonymous_2)
DA:5,1
DA:8,1
DA:9,1
DA:10,1
DA:11,1
DA:12,1
DA:16,1
DA:25,0
DA:26,0
DA:27,0
DA:29,0
DA:30,0
DA:40,0
DA:42,0
DA:43,0
DA:44,0
DA:45,0
DA:51,0
DA:58,0
DA:64,0
DA:65,0
DA:70,0
DA:71,0
DA:73,0
LF:24
LH:7
BRDA:26,0,0,0
BRDA:26,0,1,0
BRF:2
BRH:0
end_of_record
TN:
SF:/Users/gregmarkou/Jobs/code/github.com/ChainSafe/lodestar/packages/lodestar/src/eth1/dev/network.ts
FN:33,(anonymous_2)
FN:45,(anonymous_3)
FN:53,(anonymous_4)
FN:64,(anonymous_5)
FN:67,(anonymous_6)
FN:70,(anonymous_7)
FN:74,(anonymous_8)
FN:78,(anonymous_9)
FN:82,(anonymous_10)
FNF:9
FNH:9
FNDA:4,(anonymous_2)
FNDA:4,(anonymous_3)
FNDA:40,(anonymous_4)
FNDA:3,(anonymous_5)
FNDA:30,(anonymous_6)
FNDA:4,(anonymous_7)
FNDA:1,(anonymous_8)
FNDA:4,(anonymous_9)
FNDA:5,(anonymous_10)
DA:5,1
DA:6,1
DA:7,1
DA:8,1
DA:9,1
DA:10,1
DA:23,1
DA:34,4
DA:35,4
DA:36,4
DA:46,4
DA:48,4
DA:49,4
DA:52,4
DA:53,4
DA:54,40
DA:55,40
DA:56,40
DA:58,4
DA:65,3
DA:67,30
DA:71,4
DA:75,1
DA:79,4
DA:83,5
DA:84,5
DA:85,5
DA:87,5
DA:88,5
DA:89,5
DA:90,5
DA:91,5
DA:92,5
LF:33
LH:33
BRF:0
BRH:0
end_of_record
TN:
SF:/Users/gregmarkou/Jobs/code/github.com/ChainSafe/lodestar/packages/lodestar/src/eth1/impl/ethers.ts
FN:43,(anonymous_0)
FN:54,(anonymous_1)
FN:63,(anonymous_2)
FN:77,(anonymous_3)
FN:83,(anonymous_4)
FN:89,(anonymous_5)
FN:125,(anonymous_6)
FN:153,(anonymous_7)
FN:162,(anonymous_8)
FN:173,(anonymous_9)
FN:178,(anonymous_10)
FN:182,(anonymous_11)
FN:186,(anonymous_12)
FN:191,(anonymous_13)
FN:196,(anonymous_14)
FN:209,(anonymous_15)
FN:215,(anonymous_16)
FN:220,(anonymous_17)
FN:237,(anonymous_18)
FN:244,(anonymous_19)
FNF:20
FNH:19
FNDA:5,(anonymous_0)
FNDA:3,(anonymous_1)
FNDA:1,(anonymous_2)
FNDA:1,(anonymous_3)
FNDA:1,(anonymous_4)
FNDA:1,(anonymous_5)
FNDA:1,(anonymous_6)
FNDA:1,(anonymous_7)
FNDA:1,(anonymous_8)
FNDA:1,(anonymous_9)
FNDA:1,(anonymous_10)
FNDA:4,(anonymous_11)
FNDA:1,(anonymous_12)
FNDA:0,(anonymous_13)
FNDA:1,(anonymous_14)
FNDA:1,(anonymous_15)
FNDA:2,(anonymous_16)
FNDA:3,(anonymous_17)
FNDA:2,(anonymous_18)
FNDA:64,(anonymous_19)
DA:5,1
DA:6,1
DA:7,1
DA:9,1
DA:12,1
DA:15,1
DA:27,1
DA:44,5
DA:45,5
DA:46,5
DA:47,5
DA:48,5
DA:49,5
DA:50,5
DA:51,5
DA:55,3
DA:56,1
DA:58,2
DA:59,1
DA:60,1
DA:62,1
DA:63,1
DA:64,1
DA:66,1
DA:67,1
DA:68,1
DA:69,1
DA:78,1
DA:79,1
DA:80,1
DA:84,1
DA:85,1
DA:86,1
DA:95,1
DA:96,1
DA:97,1
DA:103,1
DA:106,1
DA:107,0
DA:112,0
DA:115,1
DA:116,1
DA:118,1
DA:119,1
DA:121,0
DA:131,1
DA:132,1
DA:133,1
DA:134,1
DA:135,1
DA:136,1
DA:137,1
DA:139,1
DA:144,1
DA:145,1
DA:147,0
DA:157,1
DA:162,1
DA:163,1
DA:164,1
DA:174,1
DA:175,1
DA:179,1
DA:183,4
DA:187,1
DA:188,1
DA:192,0
DA:193,0
DA:197,1
DA:198,1
DA:199,1
DA:200,1
DA:202,0
DA:203,0
DA:205,0
DA:210,1
DA:211,0
DA:212,0
DA:216,2
DA:217,2
DA:225,3
DA:231,3
DA:243,2
DA:244,64
LF:84
LH:73
BRDA:55,0,0,1
BRDA:55,0,1,2
BRDA:58,1,0,1
BRDA:58,1,1,1
BRDA:106,2,0,0
BRDA:106,2,1,1
BRDA:115,3,0,1
BRDA:115,3,1,0
BRDA:154,4,0,0
BRDA:187,5,0,1
BRDA:187,5,1,1
BRDA:192,6,0,0
BRDA:192,6,1,0
BRDA:199,7,0,1
BRDA:199,7,1,0
BRDA:210,8,0,1
BRDA:210,8,1,0
BRDA:212,9,0,0
BRDA:212,9,1,0
BRDA:222,10,0,2
BRDA:223,11,0,3
BRF:21
BRH:12
end_of_record
TN:
SF:/Users/gregmarkou/Jobs/code/github.com/ChainSafe/lodestar/packages/lodestar/src/logger/abstract.ts
FN:8,(anonymous_0)
FNF:1
FNH:1
FNDA:1,(anonymous_0)
DA:8,1
DA:9,1
DA:10,1
DA:11,1
DA:12,1
DA:13,1
DA:16,1
LF:7
LH:7
BRDA:8,0,0,1
BRDA:8,0,1,1
BRF:2
BRH:2
end_of_record
TN:
SF:/Users/gregmarkou/Jobs/code/github.com/ChainSafe/lodestar/packages/lodestar/src/logger/interface.ts
FNF:0
FNH:0
LF:0
LH:0
BRF:0
BRH:0
end_of_record
TN:
SF:/Users/gregmarkou/Jobs/code/github.com/ChainSafe/lodestar/packages/lodestar/src/logger/winston.ts
FN:12,(anonymous_0)
FN:23,(anonymous_1)
FN:33,(anonymous_2)
FN:37,(anonymous_3)
FN:41,(anonymous_4)
FN:45,(anonymous_5)
FN:49,(anonymous_6)
FN:57,(anonymous_7)
FN:61,(anonymous_8)
FNF:9
FNH:7
FNDA:18,(anonymous_0)
FNDA:0,(anonymous_1)
FNDA:1,(anonymous_2)
FNDA:1,(anonymous_3)
FNDA:67,(anonymous_4)
FNDA:1,(anonymous_5)
FNDA:70,(anonymous_6)
FNDA:0,(anonymous_7)
FNDA:24,(anonymous_8)
DA:5,1
DA:6,1
DA:8,1
DA:13,18
DA:14,18
DA:23,0
DA:34,1
DA:38,1
DA:42,67
DA:46,1
DA:50,70
DA:51,0
DA:53,70
DA:58,0
DA:62,24
LF:15
LH:12
BRDA:49,0,0,70
BRDA:50,1,0,0
BRDA:50,1,1,70
BRF:3
BRH:2
end_of_record
TN:
SF:/Users/gregmarkou/Jobs/code/github.com/ChainSafe/lodestar/packages/lodestar/src/network/codec.ts
FN:26,encodeRequest
FN:61,encodeResponse
FN:101,decodeRequestBody
FNF:3
FNH:3
FNDA:9,encodeRequest
FNDA:9,encodeResponse
FNDA:9,decodeRequestBody
DA:28,1
DA:30,1
DA:31,1
DA:33,1
DA:34,9
DA:36,3
DA:37,3
DA:39,1
DA:40,1
DA:42,1
DA:43,1
DA:45,1
DA:46,1
DA:48,1
DA:49,1
DA:51,1
DA:53,1
DA:58,1
DA:62,1
DA:67,0
DA:68,9
DA:70,9
DA:72,1
DA:73,9
DA:75,9
DA:76,0
DA:78,9
DA:79,3
DA:81,3
DA:82,1
DA:84,1
DA:85,1
DA:87,1
DA:88,1
DA:90,1
DA:92,1
DA:94,1
DA:96,1
DA:102,1
DA:104,1
DA:106,1
DA:108,0
DA:110,9
DA:113,0
DA:114,9
DA:116,3
DA:118,1
DA:125,1
DA:127,1
DA:129,1
DA:131,1
DA:134,9
DA:135,1
LF:53
LH:49
BRDA:29,0,0,3
BRDA:29,0,1,1
BRDA:29,0,2,1
BRDA:29,0,3,1
BRDA:29,0,4,1
BRDA:29,0,5,1
BRDA:29,0,6,1
BRDA:29,0,7,0
BRDA:67,1,0,0
BRDA:67,1,1,9
BRDA:71,2,0,3
BRDA:71,2,1,1
BRDA:71,2,2,1
BRDA:71,2,3,1
BRDA:71,2,4,1
BRDA:71,2,5,1
BRDA:71,2,6,1
BRDA:71,2,7,0
BRDA:103,3,0,3
BRDA:103,3,1,1
BRDA:103,3,2,1
BRDA:103,3,3,1
BRDA:103,3,4,1
BRDA:103,3,5,1
BRDA:103,3,6,1
BRDA:103,3,7,0
BRDA:124,4,0,3
BRDA:124,4,1,1
BRDA:124,4,2,1
BRDA:124,4,3,1
BRDA:124,4,4,1
BRDA:124,4,5,1
BRDA:124,4,6,1
BRF:33
BRH:29
end_of_record
TN:
SF:/Users/gregmarkou/Jobs/code/github.com/ChainSafe/lodestar/packages/lodestar/src/network/util.ts
FN:4,randomNibble
FN:9,randomRequestId
FN:10,(anonymous_2)
FN:13,shardSubnetAttestationTopic
FN:15,shardAttestationTopic
FNF:5
FNH:3
FNDA:32,randomNibble
FNDA:2,randomRequestId
FNDA:32,(anonymous_2)
FNDA:0,shardSubnetAttestationTopic
FNDA:0,shardAttestationTopic
DA:5,1
DA:10,33
DA:14,2
DA:16,32
LF:4
LH:4
BRF:0
BRH:0
end_of_record
TN:
SF:/Users/gregmarkou/Jobs/code/github.com/ChainSafe/lodestar/packages/lodestar/src/network/libp2p/network.ts
FN:31,(anonymous_1)
FN:36,(anonymous_2)
FN:37,(anonymous_3)
FN:48,(anonymous_4)
FN:51,(anonymous_5)
FN:54,(anonymous_6)
FN:57,(anonymous_7)
FN:60,(anonymous_8)
FN:63,(anonymous_9)
FN:66,(anonymous_10)
FN:70,(anonymous_11)
FN:74,(anonymous_12)
FN:78,(anonymous_13)
FN:85,(anonymous_14)
FN:92,(anonymous_15)
FN:99,(anonymous_16)
FN:104,(anonymous_17)
FN:107,(anonymous_18)
FN:110,(anonymous_19)
FN:113,(anonymous_20)
FN:116,(anonymous_21)
FN:119,(anonymous_22)
FN:122,(anonymous_23)
FN:125,(anonymous_24)
FN:128,(anonymous_25)
FN:133,(anonymous_26)
FN:149,(anonymous_27)
FNF:27
FNH:0
FNDA:0,(anonymous_1)
FNDA:0,(anonymous_2)
FNDA:0,(anonymous_3)
FNDA:0,(anonymous_4)
FNDA:0,(anonymous_5)
FNDA:0,(anonymous_6)
FNDA:0,(anonymous_7)
FNDA:0,(anonymous_8)
FNDA:0,(anonymous_9)
FNDA:0,(anonymous_10)
FNDA:0,(anonymous_11)
FNDA:0,(anonymous_12)
FNDA:0,(anonymous_13)
FNDA:0,(anonymous_14)
FNDA:0,(anonymous_15)
FNDA:0,(anonymous_16)
FNDA:0,(anonymous_17)
FNDA:0,(anonymous_18)
FNDA:0,(anonymous_19)
FNDA:0,(anonymous_20)
FNDA:0,(anonymous_21)
FNDA:0,(anonymous_22)
FNDA:0,(anonymous_23)
FNDA:0,(anonymous_24)
FNDA:0,(anonymous_25)
FNDA:0,(anonymous_26)
FNDA:0,(anonymous_27)
DA:5,1
DA:6,1
DA:7,1
DA:9,1
DA:12,1
DA:13,1
DA:17,1
DA:18,1
DA:22,1
DA:32,0
DA:33,0
DA:34,0
DA:36,0
DA:37,0
DA:38,0
DA:39,0
DA:40,0
DA:41,0
DA:42,0
DA:49,0
DA:52,0
DA:55,0
DA:58,0
DA:61,0
DA:64,0
DA:67,0
DA:71,0
DA:75,0
DA:79,0
DA:80,0
DA:81,0
DA:86,0
DA:87,0
DA:88,0
DA:93,0
DA:94,0
DA:95,0
DA:100,0
DA:105,0
DA:108,0
DA:111,0
DA:114,0
DA:117,0
DA:120,0
DA:123,0
DA:126,0
DA:129,0
DA:134,0
DA:135,0
DA:136,0
DA:137,0
DA:138,0
DA:139,0
DA:140,0
DA:141,0
DA:144,0
DA:145,0
DA:146,0
DA:147,0
DA:150,0
DA:151,0
DA:152,0
DA:153,0
DA:154,0
DA:155,0
DA:156,0
DA:157,0
DA:160,0
DA:161,0
DA:162,0
DA:163,0
LF:71
LH:9
BRF:0
BRH:0
end_of_record
TN:
SF:/Users/gregmarkou/Jobs/code/github.com/ChainSafe/lodestar/packages/lodestar/src/network/libp2p/peer.ts
FN:28,(anonymous_1)
FN:38,(anonymous_2)
FN:48,(anonymous_3)
FN:54,(anonymous_4)
FN:55,(anonymous_5)
FN:67,(anonymous_6)
FN:71,(anonymous_7)
FN:76,(anonymous_8)
FNF:8
FNH:8
FNDA:5,(anonymous_1)
FNDA:6,(anonymous_2)
FNDA:6,(anonymous_3)
FNDA:4,(anonymous_4)
FNDA:6,(anonymous_5)
FNDA:4,(anonymous_6)
FNDA:5,(anonymous_7)
FNDA:5,(anonymous_8)
DA:7,1
DA:8,1
DA:9,1
DA:18,1
DA:29,5
DA:30,5
DA:31,5
DA:32,5
DA:33,5
DA:34,5
DA:35,5
DA:39,6
DA:40,0
DA:42,6
DA:43,1
DA:44,1
DA:46,6
DA:47,6
DA:48,6
DA:49,6
DA:54,4
DA:56,6
DA:57,0
DA:59,6
DA:63,6
DA:68,4
DA:72,5
DA:73,5
DA:77,5
DA:78,5
LF:30
LH:28
BRDA:39,0,0,0
BRDA:39,0,1,6
BRDA:39,1,0,6
BRDA:39,1,1,1
BRDA:42,2,0,1
BRDA:42,2,1,5
BRDA:56,3,0,0
BRDA:56,3,1,6
BRDA:56,4,0,6
BRDA:56,4,1,1
BRF:10
BRH:8
end_of_record
TN:
SF:/Users/gregmarkou/Jobs/code/github.com/ChainSafe/lodestar/packages/lodestar/src/network/libp2p/rpc.ts
FN:57,(anonymous_1)
FN:67,(anonymous_2)
FN:78,(anonymous_3)
FN:87,(anonymous_4)
FN:88,(anonymous_5)
FN:91,(anonymous_6)
FN:96,(anonymous_7)
FN:105,(anonymous_8)
FN:109,(anonymous_9)
FN:130,(anonymous_10)
FN:143,(anonymous_11)
FN:144,(anonymous_12)
FN:145,(anonymous_13)
FN:151,(anonymous_14)
FN:163,(anonymous_15)
FN:174,(anonymous_16)
FN:209,(anonymous_17)
FN:218,(anonymous_18)
FN:222,(anonymous_19)
FN:224,(anonymous_20)
FNF:20
FNH:16
FNDA:8,(anonymous_1)
FNDA:6,(anonymous_2)
FNDA:13,(anonymous_3)
FNDA:3,(anonymous_4)
FNDA:3,(anonymous_5)
FNDA:0,(anonymous_6)
FNDA:5,(anonymous_7)
FNDA:0,(anonymous_8)
FNDA:8,(anonymous_9)
FNDA:2,(anonymous_10)
FNDA:2,(anonymous_11)
FNDA:2,(anonymous_12)
FNDA:0,(anonymous_13)
FNDA:2,(anonymous_14)
FNDA:2,(anonymous_15)
FNDA:4,(anonymous_16)
FNDA:8,(anonymous_17)
FNDA:0,(anonymous_18)
FNDA:8,(anonymous_19)
FNDA:4,(anonymous_20)
DA:5,1
DA:9,1
DA:10,1
DA:12,1
DA:13,1
DA:15,1
DA:22,1
DA:23,1
DA:30,1
DA:58,8
DA:59,8
DA:60,8
DA:61,8
DA:62,8
DA:63,8
DA:64,8
DA:68,6
DA:69,6
DA:70,6
DA:71,5
DA:72,5
DA:74,5
DA:76,6
DA:79,13
DA:80,13
DA:81,13
DA:82,1
DA:83,1
DA:84,1
DA:88,3
DA:92,0
DA:93,0
DA:98,5
DA:99,11
DA:101,1
DA:102,1
DA:106,0
DA:110,8
DA:111,0
DA:113,8
DA:114,8
DA:115,0
DA:117,8
DA:118,0
DA:120,8
DA:121,8
DA:122,8
DA:123,5
DA:124,5
DA:127,8
DA:131,2
DA:132,2
DA:133,2
DA:134,0
DA:136,2
DA:137,2
DA:138,2
DA:139,2
DA:140,2
DA:144,2
DA:145,2
DA:146,0
DA:147,0
DA:148,0
DA:149,0
DA:151,2
DA:152,2
DA:153,2
DA:154,2
DA:155,0
DA:157,2
DA:164,2
DA:165,2
DA:166,0
DA:168,2
DA:169,2
DA:170,2
DA:171,2
DA:175,4
DA:177,0
DA:179,4
DA:180,4
DA:181,4
DA:182,2
DA:183,2
DA:184,2
DA:185,2
DA:186,2
DA:188,0
DA:191,2
DA:192,2
DA:196,2
DA:197,2
DA:198,0
DA:200,2
DA:201,2
DA:204,0
DA:210,8
DA:211,8
DA:213,8
DA:214,8
DA:215,8
DA:217,8
DA:218,0
DA:223,8
DA:224,8
DA:225,8
DA:227,8
DA:228,8
DA:229,8
LF:110
LH:92
BRDA:70,0,0,5
BRDA:70,0,1,1
BRDA:81,1,0,1
BRDA:81,1,1,12
BRDA:110,2,0,0
BRDA:110,2,1,8
BRDA:114,3,0,0
BRDA:114,3,1,8
BRDA:117,4,0,0
BRDA:117,4,1,8
BRDA:133,5,0,0
BRDA:133,5,1,2
BRDA:154,6,0,0
BRDA:154,6,1,2
BRDA:165,7,0,0
BRDA:165,7,1,2
BRDA:175,8,0,0
BRDA:175,8,1,4
BRDA:181,9,0,2
BRDA:181,9,1,2
BRDA:197,10,0,0
BRDA:197,10,1,2
BRF:22
BRH:14
end_of_record
TN:
SF:/Users/gregmarkou/Jobs/code/github.com/ChainSafe/lodestar/packages/lodestar/src/network/libp2p/util.ts
FN:18,initializePeerInfo
FN:20,(anonymous_3)
FNF:2
FNH:2
FNDA:11,initializePeerInfo
FNDA:11,(anonymous_3)
DA:8,1
DA:15,3
DA:18,1
DA:19,1
DA:20,2
LF:5
LH:5
BRF:0
BRH:0
end_of_record
TN:
SF:/Users/gregmarkou/Jobs/code/github.com/ChainSafe/lodestar/packages/lodestar/src/network/libp2p/nodejs/bundle.ts
FN:20,(anonymous_1)
FNF:1
FNH:1
FNDA:11,(anonymous_1)
DA:5,1
DA:6,1
DA:7,1
DA:8,1
DA:10,1
DA:12,1
DA:19,1
DA:21,11
DA:37,11
LF:9
LH:9
BRF:0
BRH:0
end_of_record
TN:
SF:/Users/gregmarkou/Jobs/code/github.com/ChainSafe/lodestar/packages/lodestar/src/network/libp2p/nodejs/util.ts
FN:11,savePeerId
FN:17,loadPeerId
FNF:2
FNH:0
FNDA:0,savePeerId
FNDA:0,loadPeerId
DA:11,1
DA:17,1
DA:18,0
LF:3
LH:2
BRF:0
BRH:0
end_of_record
TN:
SF:/Users/gregmarkou/Jobs/code/github.com/ChainSafe/lodestar/packages/lodestar/src/node/index.ts
FN:61,(anonymous_1)
FN:80,(anonymous_2)
FN:81,(anonymous_3)
FN:110,(anonymous_4)
FN:117,(anonymous_5)
FN:128,(anonymous_6)
FNF:6
FNH:0
FNDA:0,(anonymous_1)
FNDA:0,(anonymous_2)
FNDA:0,(anonymous_3)
FNDA:0,(anonymous_4)
FNDA:0,(anonymous_5)
FNDA:0,(anonymous_6)
DA:5,1
DA:6,1
DA:7,1
DA:8,1
DA:11,1
DA:12,1
DA:13,1
DA:14,1
DA:15,1
DA:16,1
DA:17,1
DA:20,1
DA:22,1
DA:63,0
DA:71,0
DA:73,0
DA:74,0
DA:79,0
DA:80,0
DA:81,0
DA:82,0
DA:86,0
DA:90,0
DA:95,0
DA:99,0
DA:108,0
DA:111,0
DA:118,0
DA:119,0
DA:120,0
DA:121,0
DA:122,0
DA:123,0
DA:124,0
DA:125,0
DA:129,0
DA:130,0
DA:131,0
DA:133,0
DA:134,0
DA:135,0
DA:136,0
DA:140,1
LF:43
LH:14
BRF:0
BRH:0
end_of_record
TN:
SF:/Users/gregmarkou/Jobs/code/github.com/ChainSafe/lodestar/packages/lodestar/src/opPool/index.ts
FN:28,(anonymous_0)
FN:37,(anonymous_1)
FN:44,(anonymous_2)
FN:51,(anonymous_3)
FN:58,(anonymous_4)
FN:65,(anonymous_5)
FN:72,(anonymous_6)
FN:79,(anonymous_7)
FN:86,(anonymous_8)
FN:93,(anonymous_9)
FN:100,(anonymous_10)
FN:107,(anonymous_11)
FN:114,(anonymous_12)
FN:118,(anonymous_13)
FN:122,(anonymous_14)
FN:129,(anonymous_15)
FN:142,(anonymous_16)
FN:146,(anonymous_17)
FN:150,(anonymous_18)
FN:152,(anonymous_19)
FN:156,(anonymous_20)
FN:158,(anonymous_21)
FN:162,(anonymous_22)
FNF:23
FNH:0
FNDA:0,(anonymous_0)
FNDA:0,(anonymous_1)
FNDA:0,(anonymous_2)
FNDA:0,(anonymous_3)
FNDA:0,(anonymous_4)
FNDA:0,(anonymous_5)
FNDA:0,(anonymous_6)
FNDA:0,(anonymous_7)
FNDA:0,(anonymous_8)
FNDA:0,(anonymous_9)
FNDA:0,(anonymous_10)
FNDA:0,(anonymous_11)
FNDA:0,(anonymous_12)
FNDA:0,(anonymous_13)
FNDA:0,(anonymous_14)
FNDA:0,(anonymous_15)
FNDA:0,(anonymous_16)
FNDA:0,(anonymous_17)
FNDA:0,(anonymous_18)
FNDA:0,(anonymous_19)
FNDA:0,(anonymous_20)
FNDA:0,(anonymous_21)
FNDA:0,(anonymous_22)
DA:5,1
DA:25,1
DA:29,0
DA:30,0
DA:31,0
DA:38,0
DA:45,0
DA:52,0
DA:59,0
DA:66,0
DA:73,0
DA:80,0
DA:87,0
DA:94,0
DA:101,0
DA:108,0
DA:115,0
DA:119,0
DA:123,0
DA:130,0
DA:139,0
DA:143,0
DA:147,0
DA:153,0
DA:159,0
DA:163,0
LF:26
LH:2
BRF:0
BRH:0
end_of_record
TN:
SF:/Users/gregmarkou/Jobs/code/github.com/ChainSafe/lodestar/packages/lodestar/src/rpc/api/interface.ts
FNF:0
FNH:0
LF:0
LH:0
BRF:0
BRH:0
end_of_record
TN:
SF:/Users/gregmarkou/Jobs/code/github.com/ChainSafe/lodestar/packages/lodestar/src/rpc/api/beacon/beacon.ts
FN:17,(anonymous_0)
FN:24,(anonymous_1)
FN:28,(anonymous_2)
FN:33,(anonymous_3)
FN:37,(anonymous_4)
FN:43,(anonymous_5)
FN:47,(anonymous_6)
FNF:7
FNH:7
FNDA:6,(anonymous_0)
FNDA:1,(anonymous_1)
FNDA:1,(anonymous_2)
FNDA:1,(anonymous_3)
FNDA:1,(anonymous_4)
FNDA:1,(anonymous_5)
FNDA:1,(anonymous_6)
DA:10,1
DA:18,6
DA:19,6
DA:20,6
DA:25,1
DA:29,1
DA:30,1
DA:34,1
DA:40,1
DA:44,1
DA:48,1
LF:11
LH:11
BRF:0
BRH:0
end_of_record
TN:
SF:/Users/gregmarkou/Jobs/code/github.com/ChainSafe/lodestar/packages/lodestar/src/rpc/api/beacon/interface.ts
FNF:0
FNH:0
LF:0
LH:0
BRF:0
BRH:0
end_of_record
TN:
SF:/Users/gregmarkou/Jobs/code/github.com/ChainSafe/lodestar/packages/lodestar/src/rpc/api/validator/interface.ts
FNF:0
FNH:0
LF:0
LH:0
BRF:0
BRH:0
end_of_record
TN:
SF:/Users/gregmarkou/Jobs/code/github.com/ChainSafe/lodestar/packages/lodestar/src/rpc/api/validator/validator.ts
FN:41,(anonymous_0)
FN:49,(anonymous_1)
FN:53,(anonymous_2)
FN:58,(anonymous_3)
FN:61,(anonymous_4)
FN:68,(anonymous_5)
FN:75,(anonymous_6)
FN:82,(anonymous_7)
FN:90,(anonymous_8)
FN:94,(anonymous_9)
FN:98,(anonymous_10)
FNF:11
FNH:11
FNDA:8,(anonymous_0)
FNDA:1,(anonymous_1)
FNDA:1,(anonymous_2)
FNDA:1,(anonymous_3)
FNDA:1,(anonymous_4)
FNDA:1,(anonymous_5)
FNDA:1,(anonymous_6)
FNDA:1,(anonymous_7)
FNDA:1,(anonymous_8)
FNDA:1,(anonymous_9)
FNDA:1,(anonymous_10)
DA:22,1
DA:28,1
DA:29,1
DA:30,1
DA:33,1
DA:42,8
DA:43,8
DA:44,8
DA:45,8
DA:46,8
DA:50,1
DA:54,1
DA:55,1
DA:59,1
DA:61,1
DA:62,1
DA:65,1
DA:67,1
DA:69,1
DA:70,1
DA:78,1
DA:79,1
DA:83,1
DA:87,1
DA:91,1
DA:95,1
DA:99,1
LF:27
LH:27
BRF:0
BRH:0
end_of_record
TN:
SF:/Users/gregmarkou/Jobs/code/github.com/ChainSafe/lodestar/packages/lodestar/src/rpc/protocol/jsonRpc.ts
FN:20,(anonymous_1)
FN:21,(anonymous_2)
FN:25,(anonymous_3)
FN:39,(anonymous_4)
FN:40,(anonymous_5)
FN:43,(anonymous_6)
FN:44,(anonymous_7)
FNF:7
FNH:7
FNDA:3,(anonymous_1)
FNDA:3,(anonymous_2)
FNDA:5,(anonymous_3)
FNDA:3,(anonymous_4)
FNDA:3,(anonymous_5)
FNDA:2,(anonymous_6)
FNDA:2,(anonymous_7)
DA:5,1
DA:17,1
DA:18,3
DA:21,3
DA:23,3
DA:24,3
DA:25,3
DA:27,5
DA:28,5
DA:29,41
DA:30,36
DA:33,5
DA:35,3
DA:40,3
DA:44,2
LF:15
LH:15
BRDA:29,0,0,36
BRDA:29,0,1,5
BRDA:29,1,0,41
BRDA:29,1,1,36
BRF:4
BRH:4
end_of_record
TN:
SF:/Users/gregmarkou/Jobs/code/github.com/ChainSafe/lodestar/packages/lodestar/src/rpc/transport/http.ts
FN:22,(anonymous_1)
FN:27,(anonymous_2)
FN:32,(anonymous_3)
FN:40,(anonymous_4)
FN:43,(anonymous_5)
FN:47,(anonymous_6)
FN:53,(anonymous_7)
FN:54,(anonymous_8)
FN:56,(anonymous_9)
FN:59,(anonymous_10)
FN:78,(anonymous_11)
FN:81,(anonymous_12)
FN:94,(anonymous_13)
FN:100,(anonymous_14)
FN:101,(anonymous_15)
FN:103,(anonymous_16)
FN:107,(anonymous_17)
FN:116,(anonymous_18)
FNF:18
FNH:17
FNDA:3,(anonymous_1)
FNDA:3,(anonymous_2)
FNDA:3,(anonymous_3)
FNDA:0,(anonymous_4)
FNDA:3,(anonymous_5)
FNDA:3,(anonymous_6)
FNDA:3,(anonymous_7)
FNDA:3,(anonymous_8)
FNDA:3,(anonymous_9)
FNDA:3,(anonymous_10)
FNDA:2,(anonymous_11)
FNDA:4,(anonymous_12)
FNDA:2,(anonymous_13)
FNDA:2,(anonymous_14)
FNDA:2,(anonymous_15)
FNDA:1,(anonymous_16)
FNDA:1,(anonymous_17)
FNDA:1,(anonymous_18)
DA:7,1
DA:8,1
DA:23,3
DA:24,3
DA:28,3
DA:29,3
DA:30,3
DA:31,3
DA:33,3
DA:34,3
DA:44,3
DA:48,3
DA:49,3
DA:50,3
DA:54,3
DA:55,3
DA:56,3
DA:57,3
DA:59,3
DA:60,3
DA:68,1
DA:79,2
DA:80,2
DA:81,2
DA:82,4
DA:83,3
DA:84,3
DA:87,1
DA:88,1
DA:89,1
DA:95,2
DA:96,2
DA:101,2
DA:102,2
DA:104,1
DA:105,1
DA:108,1
DA:111,1
DA:117,1
LF:39
LH:39
BRDA:28,0,0,3
BRDA:28,0,1,0
BRDA:33,1,0,3
BRDA:33,1,1,0
BRDA:82,2,0,3
BRDA:82,2,1,1
BRDA:83,3,0,3
BRDA:83,3,1,0
BRDA:95,4,0,2
BRDA:95,4,1,0
BRF:10
BRH:6
end_of_record
TN:
SF:/Users/gregmarkou/Jobs/code/github.com/ChainSafe/lodestar/packages/lodestar/src/rpc/transport/ws.ts
FN:19,(anonymous_2)
FN:25,(anonymous_3)
FN:28,(anonymous_4)
FNF:3
FNH:3
FNDA:1,(anonymous_2)
FNDA:1,(anonymous_3)
FNDA:1,(anonymous_4)
DA:5,1
DA:6,1
DA:7,1
DA:14,1
DA:20,1
DA:21,1
DA:22,1
DA:23,1
DA:26,1
DA:29,1
DA:30,1
LF:11
LH:11
BRF:0
BRH:0
end_of_record
TN:
SF:/Users/gregmarkou/Jobs/code/github.com/ChainSafe/lodestar/packages/lodestar/src/sync/index.ts
FN:46,(anonymous_0)
FN:59,(anonymous_1)
FN:66,(anonymous_2)
FN:67,(anonymous_3)
FN:68,(anonymous_4)
FN:78,(anonymous_5)
FN:102,(anonymous_6)
FNF:7
FNH:0
FNDA:0,(anonymous_0)
FNDA:0,(anonymous_1)
FNDA:0,(anonymous_2)
FNDA:0,(anonymous_3)
FNDA:0,(anonymous_4)
FNDA:0,(anonymous_5)
FNDA:0,(anonymous_6)
DA:5,1
DA:11,1
DA:12,1
DA:34,1
DA:47,0
DA:48,0
DA:49,0
DA:50,0
DA:51,0
DA:52,0
DA:53,0
DA:54,0
DA:55,0
DA:56,0
DA:60,0
DA:61,0
DA:63,0
DA:64,0
DA:65,0
DA:66,0
DA:67,0
DA:68,0
DA:69,0
DA:70,0
DA:73,0
DA:75,0
DA:79,0
DA:80,0
DA:81,0
DA:82,0
DA:89,0
DA:103,0
DA:104,0
LF:33
LH:4
BRDA:60,0,0,0
BRDA:60,0,1,0
BRDA:67,1,0,0
BRDA:67,1,1,0
BRDA:69,2,0,0
BRDA:69,2,1,0
BRDA:81,3,0,0
BRDA:81,3,1,0
BRF:8
BRH:0
end_of_record
TN:
SF:/Users/gregmarkou/Jobs/code/github.com/ChainSafe/lodestar/packages/lodestar/src/sync/regular.ts
FN:24,(anonymous_0)
FN:32,(anonymous_1)
FN:41,(anonymous_2)
FN:59,(anonymous_3)
FN:67,(anonymous_4)
FNF:5
FNH:0
FNDA:0,(anonymous_0)
FNDA:0,(anonymous_1)
FNDA:0,(anonymous_2)
FNDA:0,(anonymous_3)
FNDA:0,(anonymous_4)
DA:5,1
DA:7,1
DA:8,1
DA:15,1
DA:17,1
DA:25,0
DA:26,0
DA:27,0
DA:28,0
DA:29,0
DA:35,0
DA:36,0
DA:37,0
DA:43,0
DA:44,0
DA:45,0
DA:48,0
DA:49,0
DA:50,0
DA:53,0
DA:60,0
DA:61,0
DA:62,0
DA:63,0
DA:64,0
DA:65,0
DA:68,0
DA:69,0
DA:70,0
DA:71,0
DA:72,0
DA:73,0
LF:32
LH:5
BRDA:36,0,0,0
BRDA:36,0,1,0
BRDA:44,1,0,0
BRDA:44,1,1,0
BRDA:49,2,0,0
BRDA:49,2,1,0
BRF:6
BRH:0
end_of_record
TN:
SF:/Users/gregmarkou/Jobs/code/github.com/ChainSafe/lodestar/packages/lodestar/src/sync/reputation.ts
FN:14,(anonymous_0)
FN:17,(anonymous_1)
FN:26,(anonymous_2)
FN:29,(anonymous_3)
FNF:4
FNH:0
FNDA:0,(anonymous_0)
FNDA:0,(anonymous_1)
FNDA:0,(anonymous_2)
FNDA:0,(anonymous_3)
DA:12,1
DA:15,0
DA:18,0
DA:23,0
DA:24,0
DA:27,0
DA:30,0
LF:7
LH:1
BRDA:30,0,0,0
BRDA:30,0,1,0
BRF:2
BRH:0
end_of_record
TN:
SF:/Users/gregmarkou/Jobs/code/github.com/ChainSafe/lodestar/packages/lodestar/src/sync/rpc.ts
FN:44,(anonymous_1)
FN:58,(anonymous_2)
FN:88,(anonymous_3)
FN:98,(anonymous_4)
FN:100,(anonymous_5)
FN:105,(anonymous_6)
FN:109,(anonymous_7)
FN:110,(anonymous_8)
FN:111,(anonymous_9)
FN:114,(anonymous_10)
FN:121,(anonymous_11)
FN:125,(anonymous_12)
FN:131,(anonymous_13)
FN:140,(anonymous_14)
FN:151,(anonymous_15)
FN:159,(anonymous_16)
FN:169,(anonymous_17)
FN:195,(anonymous_18)
FN:208,(anonymous_19)
FN:212,(anonymous_20)
FN:217,(anonymous_21)
FN:235,(anonymous_22)
FN:269,(anonymous_23)
FN:287,(anonymous_24)
FN:295,(anonymous_25)
FN:299,(anonymous_26)
FN:301,(anonymous_27)
FN:301,(anonymous_28)
FNF:28
FNH:0
FNDA:0,(anonymous_1)
FNDA:0,(anonymous_2)
FNDA:0,(anonymous_3)
FNDA:0,(anonymous_4)
FNDA:0,(anonymous_5)
FNDA:0,(anonymous_6)
FNDA:0,(anonymous_7)
FNDA:0,(anonymous_8)
FNDA:0,(anonymous_9)
FNDA:0,(anonymous_10)
FNDA:0,(anonymous_11)
FNDA:0,(anonymous_12)
FNDA:0,(anonymous_13)
FNDA:0,(anonymous_14)
FNDA:0,(anonymous_15)
FNDA:0,(anonymous_16)
FNDA:0,(anonymous_17)
FNDA:0,(anonymous_18)
FNDA:0,(anonymous_19)
FNDA:0,(anonymous_20)
FNDA:0,(anonymous_21)
FNDA:0,(anonymous_22)
FNDA:0,(anonymous_23)
FNDA:0,(anonymous_24)
FNDA:0,(anonymous_25)
FNDA:0,(anonymous_26)
FNDA:0,(anonymous_27)
FNDA:0,(anonymous_28)
DA:5,1
DA:6,1
DA:7,1
DA:10,1
DA:19,1
DA:20,1
DA:24,1
DA:36,1
DA:48,0
DA:49,0
DA:50,0
DA:51,0
DA:52,0
DA:53,0
DA:63,0
DA:64,0
DA:65,0
DA:66,0
DA:67,0
DA:69,0
DA:70,0
DA:74,0
DA:75,0
DA:76,0
DA:78,0
DA:89,0
DA:99,0
DA:100,0
DA:101,0
DA:105,0
DA:110,0
DA:111,0
DA:115,0
DA:116,0
DA:117,0
DA:118,0
DA:122,0
DA:126,0
DA:127,0
DA:128,0
DA:136,0
DA:147,0
DA:155,0
DA:163,0
DA:175,0
DA:177,0
DA:179,0
DA:181,0
DA:183,0
DA:185,0
DA:187,0
DA:189,0
DA:191,0
DA:197,0
DA:199,0
DA:200,0
DA:201,0
DA:203,0
DA:209,0
DA:213,0
DA:214,0
DA:218,0
DA:221,0
DA:222,0
DA:223,0
DA:224,0
DA:232,0
DA:239,0
DA:240,0
DA:243,0
DA:244,0
DA:245,0
DA:246,0
DA:250,0
DA:251,0
DA:252,0
DA:259,0
DA:263,0
DA:265,0
DA:273,0
DA:276,0
DA:277,0
DA:278,0
DA:279,0
DA:281,0
DA:284,0
DA:296,0
DA:300,0
DA:301,0
LF:89
LH:8
BRDA:63,0,0,0
BRDA:63,0,1,0
BRDA:101,1,0,0
BRDA:101,1,1,0
BRDA:102,2,0,0
BRDA:102,2,1,0
BRDA:176,3,0,0
BRDA:176,3,1,0
BRDA:176,3,2,0
BRDA:176,3,3,0
BRDA:176,3,4,0
BRDA:176,3,5,0
BRDA:176,3,6,0
BRDA:176,3,7,0
BRF:14
BRH:0
end_of_record
TN:
SF:/Users/gregmarkou/Jobs/code/github.com/ChainSafe/lodestar/packages/lodestar/src/util/address.ts
FNF:0
FNH:0
DA:5,1
LF:1
LH:1
BRDA:5,0,0,6
BRDA:5,0,1,5
BRDA:5,0,2,4
BRF:3
BRH:3
end_of_record
TN:
SF:/Users/gregmarkou/Jobs/code/github.com/ChainSafe/lodestar/packages/lodestar/src/util/bytes.ts
FN:13,intToBytes
FN:24,bytesToBN
FNF:2
FNH:2
FNDA:1,intToBytes
FNDA:50,bytesToBN
DA:13,38
DA:14,1
DA:15,1
DA:16,1
DA:17,50
DA:18,8
DA:20,42
DA:34,38
DA:35,4
DA:36,4
DA:38,1
LF:11
LH:11
BRDA:14,0,0,1
BRDA:14,0,1,1
BRDA:16,1,0,0
BRDA:16,1,1,1
BRF:4
BRH:3
end_of_record
TN:
SF:/Users/gregmarkou/Jobs/code/github.com/ChainSafe/lodestar/packages/lodestar/src/util/crypto.ts
FN:9,hash
FNF:1
FNH:1
FNDA:231,hash
DA:10,1
LF:1
LH:1
BRF:0
BRH:0
end_of_record
TN:
SF:/Users/gregmarkou/Jobs/code/github.com/ChainSafe/lodestar/packages/lodestar/src/util/encrypt.ts
FN:30,decryptKey
FNF:1
FNH:1
FNDA:5,decryptKey
DA:5,1
DA:16,1
DA:17,1
DA:18,1
DA:20,1
DA:31,5
DA:33,5
DA:34,5
DA:35,5
DA:38,1
DA:42,8
LF:11
LH:11
BRF:0
BRH:0
end_of_record
TN:
SF:/Users/gregmarkou/Jobs/code/github.com/ChainSafe/lodestar/packages/lodestar/src/util/file.ts
FNF:0
FNH:0
DA:28,1
DA:29,3
DA:30,1
DA:32,1
DA:34,1
DA:43,1
DA:62,1
DA:64,1
DA:65,1
DA:67,1
DA:71,1
DA:76,0
DA:77,1
DA:78,1
LF:14
LH:13
BRDA:77,0,0,1
BRDA:77,0,1,1
BRF:2
BRH:2
end_of_record
TN:
SF:/Users/gregmarkou/Jobs/code/github.com/ChainSafe/lodestar/packages/lodestar/src/util/math.ts
FN:11,bnMin
FN:18,bnMax
FN:22,intDiv
FN:29,intSqrt
FN:39,bnSqrt
FNF:5
FNH:5
FNDA:4,bnMin
FNDA:3,bnMax
FNDA:426,intDiv
FNDA:6,intSqrt
FNDA:6,bnSqrt
DA:12,1
DA:19,4
DA:23,1
DA:30,3
DA:31,1
DA:32,426
DA:33,1
DA:34,6
DA:36,6
DA:40,6
DA:41,9
DA:42,9
DA:43,6
DA:44,1
DA:46,6
LF:15
LH:15
BRDA:12,0,0,2
BRDA:12,0,1,2
BRDA:19,1,0,1
BRDA:19,1,1,2
BRF:4
BRH:4
end_of_record
TN:
SF:/Users/gregmarkou/Jobs/code/github.com/ChainSafe/lodestar/packages/lodestar/src/util/objects.ts
FN:6,isObjectObject
FN:10,isPlainObject
FN:37,mostFrequent
FN:39,(anonymous_3)
FNF:4
FNH:4
FNDA:430,isObjectObject
FNDA:283,isPlainObject
FNDA:3,mostFrequent
FNDA:14,(anonymous_3)
DA:4,1
DA:7,430
DA:10,1
DA:13,283
DA:16,147
DA:17,147
DA:20,147
DA:21,147
DA:24,147
DA:25,22
DA:29,125
DA:37,1
DA:38,3
DA:39,3
DA:41,14
DA:43,14
DA:44,14
DA:45,7
DA:46,7
DA:48,7
DA:51,3
DA:52,3
DA:53,3
DA:54,7
DA:55,3
DA:56,3
DA:57,4
DA:58,2
DA:61,3
LF:29
LH:29
BRDA:7,0,0,430
BRDA:7,0,1,429
BRDA:7,0,2,384
BRDA:13,1,0,136
BRDA:13,1,1,147
BRDA:17,2,0,0
BRDA:17,2,1,147
BRDA:21,3,0,0
BRDA:21,3,1,147
BRDA:24,4,0,22
BRDA:24,4,1,125
BRDA:44,5,0,7
BRDA:44,5,1,7
BRDA:54,6,0,3
BRDA:54,6,1,4
BRDA:57,7,0,2
BRDA:57,7,1,2
BRF:17
BRH:15
end_of_record
TN:
SF:/Users/gregmarkou/Jobs/code/github.com/ChainSafe/lodestar/packages/lodestar/src/util/sort.ts
FNF:0
FNH:0
DA:1,0
DA:2,0
DA:4,0
DA:6,0
LF:4
LH:0
BRDA:1,0,0,0
BRDA:1,0,1,0
BRF:2
BRH:0
end_of_record
TN:
SF:/Users/gregmarkou/Jobs/code/github.com/ChainSafe/lodestar/packages/lodestar/src/util/merkleTree/interface.ts
FNF:0
FNH:0
LF:0
LH:0
BRF:0
BRH:0
end_of_record
TN:
SF:/Users/gregmarkou/Jobs/code/github.com/ChainSafe/lodestar/packages/lodestar/src/util/merkleTree/lightMerkleTree.ts
FN:16,(anonymous_1)
FN:20,(anonymous_2)
FN:21,(anonymous_3)
FN:31,(anonymous_4)
FN:35,(anonymous_5)
FN:39,(anonymous_6)
FN:68,(anonymous_7)
FN:77,(anonymous_8)
FN:97,(anonymous_9)
FNF:9
FNH:8
FNDA:3,(anonymous_1)
FNDA:12,(anonymous_2)
FNDA:12,(anonymous_3)
FNDA:22,(anonymous_4)
FNDA:0,(anonymous_5)
FNDA:29,(anonymous_6)
FNDA:1,(anonymous_7)
FNDA:12,(anonymous_8)
FNDA:29,(anonymous_9)
DA:2,1
DA:3,1
DA:4,1
DA:10,1
DA:17,3
DA:18,3
DA:19,3
DA:20,12
DA:21,12
DA:22,3
DA:23,9
DA:32,22
DA:36,0
DA:40,29
DA:41,29
DA:42,29
DA:43,29
DA:44,29
DA:45,29
DA:46,52
DA:47,29
DA:49,23
DA:50,23
DA:53,29
DA:54,29
DA:55,52
DA:56,23
DA:61,29
DA:64,29
DA:65,29
DA:69,1
DA:70,1
DA:71,1
DA:72,1
DA:73,1
DA:74,1
DA:78,12
DA:79,12
DA:80,12
DA:81,48
DA:82,19
DA:87,29
DA:92,48
DA:94,12
DA:98,29
DA:99,29
DA:100,29
DA:101,116
DA:102,73
DA:104,116
DA:106,29
LF:51
LH:50
BRDA:46,0,0,29
BRDA:46,0,1,23
BRDA:55,1,0,23
BRDA:55,1,1,29
BRDA:81,2,0,19
BRDA:81,2,1,29
BRDA:101,3,0,73
BRDA:101,3,1,43
BRF:8
BRH:8
end_of_record
TN:
SF:/Users/gregmarkou/Jobs/code/github.com/ChainSafe/lodestar/packages/lodestar/src/util/merkleTree/merkleTree.ts
FN:18,(anonymous_1)
FN:26,(anonymous_2)
FN:27,(anonymous_3)
FN:34,(anonymous_4)
FN:41,(anonymous_5)
FN:45,(anonymous_6)
FN:50,(anonymous_7)
FN:55,(anonymous_8)
FN:70,(anonymous_9)
FN:76,(anonymous_10)
FN:81,(anonymous_11)
FN:93,(anonymous_12)
FN:108,(anonymous_13)
FN:109,(anonymous_14)
FNF:14
FNH:13
FNDA:10,(anonymous_1)
FNDA:8,(anonymous_2)
FNDA:42,(anonymous_3)
FNDA:2,(anonymous_4)
FNDA:0,(anonymous_5)
FNDA:29,(anonymous_6)
FNDA:13,(anonymous_7)
FNDA:12,(anonymous_8)
FNDA:25,(anonymous_9)
FNDA:13,(anonymous_10)
FNDA:3,(anonymous_11)
FNDA:4,(anonymous_12)
FNDA:10,(anonymous_13)
FNDA:43,(anonymous_14)
DA:5,1
DA:6,1
DA:7,1
DA:8,1
DA:9,1
DA:12,1
DA:19,10
DA:20,10
DA:21,10
DA:22,10
DA:23,10
DA:27,42
DA:28,8
DA:35,2
DA:42,0
DA:46,29
DA:47,29
DA:51,13
DA:52,13
DA:56,12
DA:57,12
DA:58,12
DA:59,48
DA:60,48
DA:61,38
DA:63,10
DA:65,48
DA:67,12
DA:71,25
DA:72,4
DA:77,13
DA:78,13
DA:82,3
DA:94,4
DA:95,16
DA:96,16
DA:97,16
DA:98,30
DA:99,30
DA:100,30
DA:103,16
DA:105,4
DA:109,43
DA:110,10
DA:111,33
DA:117,10
LF:46
LH:45
BRDA:19,0,0,10
BRDA:19,0,1,10
BRDA:59,1,0,16
BRDA:59,1,1,32
BRDA:60,2,0,38
BRDA:60,2,1,10
BRDA:71,3,0,4
BRDA:71,3,1,21
BRDA:99,4,0,20
BRDA:99,4,1,10
BRF:10
BRH:10
end_of_record
TN:
SF:/Users/gregmarkou/Jobs/code/github.com/ChainSafe/lodestar/packages/lodestar/src/util/merkleTree/utils.ts
FNF:0
FNH:0
DA:9,22
DA:21,1
DA:22,1
DA:24,22
LF:4
LH:4
BRF:0
BRH:0
end_of_record
TN:
SF:/Users/gregmarkou/Jobs/code/github.com/ChainSafe/lodestar/packages/lodestar/src/validator/index.ts
FNF:0
FNH:0
LF:0
LH:0
BRF:0
BRH:0
end_of_record
TN:
SF:/Users/gregmarkou/Jobs/code/github.com/ChainSafe/lodestar/packages/lodestar/src/validator/keystore.ts
FN:24,(anonymous_1)
FN:29,(anonymous_2)
FN:33,(anonymous_3)
FN:44,(anonymous_4)
FN:56,(anonymous_5)
FNF:5
FNH:5
FNDA:3,(anonymous_1)
FNDA:4,(anonymous_2)
FNDA:2,(anonymous_3)
FNDA:1,(anonymous_4)
FNDA:1,(anonymous_5)
DA:5,1
DA:6,1
DA:8,1
DA:9,1
DA:10,1
DA:20,1
DA:25,3
DA:26,3
DA:30,4
DA:34,2
DA:36,2
DA:41,2
DA:46,1
DA:47,1
DA:48,1
DA:50,0
DA:53,1
DA:57,1
DA:58,1
DA:59,1
DA:61,0
LF:21
LH:19
BRF:0
BRH:0
end_of_record
TN:
SF:/Users/gregmarkou/Jobs/code/github.com/ChainSafe/lodestar/packages/lodestar/src/validator/types.ts
FNF:0
FNH:0
LF:0
LH:0
BRF:0
BRH:0
end_of_record
TN:
SF:/Users/gregmarkou/Jobs/code/github.com/ChainSafe/lodestar/packages/lodestar/src/validator/rpc/abstract.ts
FN:10,(anonymous_0)
FN:21,(anonymous_1)
FN:27,(anonymous_2)
FN:33,(anonymous_3)
FN:49,(anonymous_4)
FN:54,(anonymous_5)
FN:65,(anonymous_6)
FN:69,(anonymous_7)
FN:78,(anonymous_8)
FN:82,(anonymous_9)
FNF:10
FNH:9
FNDA:6,(anonymous_0)
FNDA:3,(anonymous_1)
FNDA:9,(anonymous_2)
FNDA:6,(anonymous_3)
FNDA:261,(anonymous_4)
FNDA:264,(anonymous_5)
FNDA:261,(anonymous_6)
FNDA:3,(anonymous_7)
FNDA:6,(anonymous_8)
FNDA:0,(anonymous_9)
DA:4,1
DA:5,1
DA:6,1
DA:10,1
DA:16,6
DA:17,6
DA:19,6
DA:22,3
DA:23,3
DA:28,9
DA:29,9
DA:34,6
DA:35,6
DA:36,6
DA:37,6
DA:39,6
DA:41,6
DA:42,6
DA:43,6
DA:50,261
DA:51,0
DA:53,261
DA:54,261
DA:55,264
DA:58,261
DA:59,261
DA:66,261
DA:67,261
DA:68,3
DA:69,3
DA:70,3
DA:79,6
DA:83,0
LF:33
LH:31
BRDA:22,0,0,3
BRDA:22,0,1,0
BRDA:28,1,0,9
BRDA:28,1,1,0
BRDA:50,2,0,0
BRDA:50,2,1,261
BRDA:67,3,0,3
BRDA:67,3,1,258
BRDA:67,4,0,261
BRDA:67,4,1,195
BRF:10
BRH:7
end_of_record
TN:
SF:/Users/gregmarkou/Jobs/code/github.com/ChainSafe/lodestar/packages/lodestar/src/validator/rpc/interface.ts
FNF:0
FNH:0
LF:0
LH:0
BRF:0
BRH:0
end_of_record
TN:
SF:/Users/gregmarkou/Jobs/code/github.com/ChainSafe/lodestar/packages/lodestar/src/validator/rpc/impl/instance.ts
FN:16,(anonymous_0)
FN:22,(anonymous_1)
FN:27,(anonymous_2)
FNF:3
FNH:2
FNDA:6,(anonymous_0)
FNDA:6,(anonymous_1)
FNDA:0,(anonymous_2)
DA:3,1
DA:10,1
DA:17,6
DA:18,6
DA:19,6
DA:23,6
DA:24,6
DA:28,0
DA:29,0
LF:9
LH:7
BRF:0
BRH:0
end_of_record
TN:
SF:/Users/gregmarkou/Jobs/code/github.com/ChainSafe/lodestar/packages/lodestar/src/validator/rpc/impl/ws.ts
FN:22,(anonymous_2)
FN:27,(anonymous_3)
FN:35,(anonymous_4)
FNF:3
FNH:0
FNDA:0,(anonymous_2)
FNDA:0,(anonymous_3)
FNDA:0,(anonymous_4)
DA:3,1
DA:4,1
DA:5,1
DA:6,1
DA:14,1
DA:23,0
DA:24,0
DA:28,0
DA:29,0
DA:30,0
DA:31,0
DA:32,0
DA:36,0
DA:37,0
DA:38,0
LF:15
LH:5
BRF:0
BRH:0
end_of_record
TN:
SF:/Users/gregmarkou/Jobs/code/github.com/ChainSafe/lodestar/packages/lodestar/src/validator/services/attestation.ts
FN:36,(anonymous_0)
FN:51,(anonymous_1)
FN:74,(anonymous_2)
FN:77,(anonymous_3)
FN:82,(anonymous_4)
FN:91,(anonymous_5)
FN:108,(anonymous_6)
FNF:7
FNH:7
FNDA:2,(anonymous_0)
FNDA:2,(anonymous_1)
FNDA:2,(anonymous_2)
FNDA:1,(anonymous_3)
FNDA:1,(anonymous_4)
FNDA:1,(anonymous_5)
FNDA:1,(anonymous_6)
DA:4,1
DA:14,1
DA:22,1
DA:23,1
DA:24,1
DA:28,1
DA:43,2
DA:44,2
DA:45,2
DA:46,2
DA:47,2
DA:55,2
DA:56,2
DA:57,1
DA:61,1
DA:63,1
DA:67,1
DA:68,1
DA:69,1
DA:70,1
DA:71,1
DA:76,2
DA:77,2
DA:78,1
DA:83,1
DA:87,1
DA:88,1
DA:96,1
DA:105,1
DA:107,1
DA:108,1
DA:109,1
DA:110,1
DA:111,1
LF:34
LH:34
BRDA:56,0,0,1
BRDA:56,0,1,1
BRF:2
BRH:2
end_of_record
TN:
SF:/Users/gregmarkou/Jobs/code/github.com/ChainSafe/lodestar/packages/lodestar/src/validator/services/block.ts
FN:21,(anonymous_0)
FN:38,(anonymous_1)
FN:62,(anonymous_2)
FN:68,(anonymous_3)
FNF:4
FNH:4
FNDA:3,(anonymous_0)
FNDA:3,(anonymous_1)
FNDA:3,(anonymous_2)
FNDA:2,(anonymous_3)
DA:5,1
DA:6,1
DA:9,1
DA:10,1
DA:14,1
DA:28,3
DA:29,3
DA:30,3
DA:31,3
DA:32,3
DA:39,3
DA:40,1
DA:41,1
DA:43,2
DA:50,2
DA:54,2
DA:55,2
DA:56,2
DA:59,2
DA:63,3
DA:65,3
DA:69,2
LF:22
LH:22
BRDA:39,0,0,1
BRDA:39,0,1,2
BRDA:65,1,0,3
BRDA:65,1,1,2
BRF:4
BRH:4
end_of_record
